2026-01-26 18:18:56.337 | INFO     | __main__:process_tasks_1:276 - (652, 1442)
2026-01-26 18:19:34.536 | INFO     | __main__:process_tasks_1:276 - (649, 1443)
2026-01-26 18:20:12.670 | INFO     | __main__:process_tasks_1:276 - (665, 1441)
2026-01-26 18:20:50.854 | INFO     | __main__:process_tasks_1:276 - (647, 1443)
2026-01-26 18:21:29.069 | INFO     | __main__:process_tasks_1:276 - (648, 1443)
2026-01-26 18:22:07.206 | INFO     | __main__:process_tasks_1:276 - (640, 1443)
2026-01-26 18:22:45.426 | INFO     | __main__:process_tasks_1:276 - (654, 1442)
2026-01-26 18:23:23.551 | INFO     | __main__:process_tasks_1:276 - (649, 1443)
2026-01-26 18:24:01.819 | INFO     | __main__:process_tasks_1:276 - (658, 1443)
arm1在5分钟内未接收质心坐标，计数重置为0，放置高度重置为-2.775mm
arm2在5分钟未接收质心坐标，计数重置为0，放置高度重置为145.1mm
<ServerProxy for 192.168.57.2:20003/RPC2>
######################机械臂ip: 192.168.57.2
执行回原点...
丝杠串口已打开：/dev/ttyUSB0
丝杠驱动器初始化完成
机械臂初始化成功
移动到安全点: [1305.216, -153.591, 171.184, -180, 0, -134]
移动到安全点完成
RealSense相机 211622062803 初始化成功
相机预热中，丢弃前 30 帧...
预热进度: 10/30
预热进度: 20/30
预热进度: 30/30
相机预热完成
相机初始化完成
-------------------------
ROBOT_POINTS:
[[482.8   114.   ]
 [333.283 108.977]
 [184.3   104.   ]
 [479.196 213.904]
 [330.    208.794]
 [180.8   203.791]
 [475.8   313.5  ]
 [326.8   308.594]
 [177.8   303.5  ]]
Shape: (9, 2)
-------------------------
REAL_PTS:
[[1036.1  1550.99]
 [ 739.75 1555.04]
 [ 444.46 1559.02]
 [1033.41 1352.18]
 [ 737.43 1356.6 ]
 [ 442.07 1360.82]
 [1031.12 1153.99]
 [ 735.41 1158.2 ]
 [ 439.53 1162.78]]
Shape: (9, 2)
-------------------------
-------------------------
ROBOT_POINTS:
[[-579.167 -483.684]
 [-788.411 -270.251]
 [-438.508 -344.55 ]
 [-646.276 -130.911]]
Shape: (4, 2)
-------------------------
REAL_PTS:
[[1077.25  596.  ]
 [ 485.    599.25]
 [1077.25  196.25]
 [ 483.5   200.  ]]
Shape: (4, 2)
-------------------------
RANSAC 内点比例: 100.00%
RANSAC 内点比例: 100.00%
仿射矩阵计算完成
Loading SAM2 Model...
>>> 机械臂处理线程已启动，等待任务...
开始主循环...
对象 0: 越过1/3基线，状态更新为1
对象 0 状态2确认. Robot Dir: [0.99979362 0.02031562]
============0=============
任务id-0 分配至1号机械臂(左臂：面向相机时左侧) 
id-0 加入抓取队列
id-0 预判检查: wait_time=7.580s
抓取点真实坐标################## [np.float64(1044.4394565840157), np.float64(179.62075371451965), 97, -180, -1.589, -136.16399312019348]
抓取点预测坐标%%%%%%%%%%%%%%%%%% [np.float64(1044.4394565840157), np.float64(179.62075371451965), 97, -180, -1.589, -136.16399312019348]
对象 3: 越过1/3基线，状态更新为1
对象 3 状态2确认. Robot Dir: [0.99969144 0.02483992]
============3=============
任务id-3 分配至1号机械臂(左臂：面向相机时左侧) 
id-3 加入抓取队列
id-3 预判检查: wait_time=7.582s
抓取点真实坐标################## [np.float64(1042.9368788752897), np.float64(179.088379095827), 97, -180, -1.589, -136.14950299263]
抓取点预测坐标%%%%%%%%%%%%%%%%%% [np.float64(1042.9368788752897), np.float64(179.088379095827), 97, -180, -1.589, -136.14950299263]
arm2在5分钟未接收质心坐标，计数重置为0，放置高度重置为145.1mm
arm1在5分钟内未接收质心坐标，计数重置为0，放置高度重置为-2.775mm
对象 4: 越过1/3基线，状态更新为1
对象 5: 越过1/3基线，状态更新为1
对象 5 状态2确认. Robot Dir: [0.99967118 0.02564248]
============5=============
任务id-5 分配至1号机械臂(左臂：面向相机时左侧) 
id-5 加入抓取队列
id-5 预判检查: wait_time=7.582s
抓取点真实坐标################## [np.float64(1050.9864651818043), np.float64(180.25063675081128), 97, -180, -1.589, -135.32537281513214]
抓取点预测坐标%%%%%%%%%%%%%%%%%% [np.float64(1050.9864651818043), np.float64(180.25063675081128), 97, -180, -1.589, -135.32537281513214]
对象 6: 越过1/3基线，状态更新为1
对象 7: 越过1/3基线，状态更新为1
对象 8: 越过1/3基线，状态更新为1
对象 9: 越过1/3基线，状态更新为1
对象 10: 越过1/3基线，状态更新为1
对象 11: 越过1/3基线，状态更新为1
对象 12: 越过1/3基线，状态更新为1
arm2在5分钟未接收质心坐标，计数重置为0，放置高度重置为145.1mm
arm1在5分钟内未接收质心坐标，计数重置为0，放置高度重置为-2.775mm
对象 12 状态2确认. Robot Dir: [0.9997403  0.02278881]
============12=============
任务id-12 分配至1号机械臂(左臂：面向相机时左侧) 
id-12 加入抓取队列
id-12 预判检查: wait_time=7.580s
抓取点真实坐标################## [np.float64(1041.9279926974773), np.float64(179.0688774123072), 97, -180, -1.589, -136.31216716766357]
抓取点预测坐标%%%%%%%%%%%%%%%%%% [np.float64(1041.9279926974773), np.float64(179.0688774123072), 97, -180, -1.589, -136.31216716766357]
对象 13: 越过1/3基线，状态更新为1
对象 14: 越过1/3基线，状态更新为1
对象 15: 越过1/3基线，状态更新为1
对象 16: 越过1/3基线，状态更新为1
对象 16 状态2确认. Robot Dir: [0.99977412 0.0212533 ]
============16=============
任务id-16 分配至1号机械臂(左臂：面向相机时左侧) 
id-16 加入抓取队列
id-16 预判检查: wait_time=7.579s
抓取点真实坐标################## [np.float64(1042.4324357863836), np.float64(179.0786282540671), 97, -180, -1.589, -136.1505696773529]
抓取点预测坐标%%%%%%%%%%%%%%%%%% [np.float64(1042.4324357863836), np.float64(179.0786282540671), 97, -180, -1.589, -136.1505696773529]
arm2在5分钟未接收质心坐标，计数重置为0，放置高度重置为145.1mm
arm1在5分钟内未接收质心坐标，计数重置为0，放置高度重置为-2.775mm
对象 17: 越过1/3基线，状态更新为1
对象 18: 越过1/3基线，状态更新为1
对象 18 状态2确认. Robot Dir: [0.99972046 0.02364315]
============18=============
任务id-18 分配至1号机械臂(左臂：面向相机时左侧) 
id-18 加入抓取队列
id-18 预判检查: wait_time=7.581s
抓取点真实坐标################## [np.float64(1038.3968910751337), np.float64(179.00062151998782), 97, -180, -1.589, -136.23818373680115]
抓取点预测坐标%%%%%%%%%%%%%%%%%% [np.float64(1038.3968910751337), np.float64(179.00062151998782), 97, -180, -1.589, -136.23818373680115]
对象 19: 越过1/3基线，状态更新为1
对象 20: 越过1/3基线，状态更新为1
对象 21: 越过1/3基线，状态更新为1
对象 22: 越过1/3基线，状态更新为1
对象 22 状态2确认. Robot Dir: [0.99968672 0.0250291 ]
============22=============
任务id-22 分配至1号机械臂(左臂：面向相机时左侧) 
id-22 加入抓取队列
id-22 预判检查: wait_time=7.583s
抓取点真实坐标################## [np.float64(1045.4483427618284), np.float64(179.64025539803947), 97, -180, -1.589, -136.22088432312012]
抓取点预测坐标%%%%%%%%%%%%%%%%%% [np.float64(1045.4483427618284), np.float64(179.64025539803947), 97, -180, -1.589, -136.22088432312012]
arm2在5分钟未接收质心坐标，计数重置为0，放置高度重置为145.1mm
arm1在5分钟内未接收质心坐标，计数重置为0，放置高度重置为-2.775mm
对象 23: 越过1/3基线，状态更新为1
对象 24: 越过1/3基线，状态更新为1
对象 25: 越过1/3基线，状态更新为1
对象 26: 越过1/3基线，状态更新为1
对象 27: 越过1/3基线，状态更新为1
对象 27 状态2确认. Robot Dir: [0.99970532 0.02427511]
============27=============
任务id-27 分配至1号机械臂(左臂：面向相机时左侧) 
id-27 加入抓取队列
id-27 预判检查: wait_time=7.580s
抓取点真实坐标################## [np.float64(1042.9368788752897), np.float64(179.088379095827), 97, -180, -1.589, -135.84336578845978]
抓取点预测坐标%%%%%%%%%%%%%%%%%% [np.float64(1042.9368788752897), np.float64(179.088379095827), 97, -180, -1.589, -135.84336578845978]
arm1在5分钟内未接收质心坐标，计数重置为0，放置高度重置为-2.775mm
arm2在5分钟未接收质心坐标，计数重置为0，放置高度重置为145.1mm
对象 28: 越过1/3基线，状态更新为1
对象 29: 越过1/3基线，状态更新为1
对象 29 状态2确认. Robot Dir: [0.99974269 0.02268389]
============29=============
任务id-29 分配至1号机械臂(左臂：面向相机时左侧) 
id-29 加入抓取队列
id-29 预判检查: wait_time=7.579s
抓取点真实坐标################## [np.float64(1047.476866675446), np.float64(179.1761366716663), 97, -180, -1.589, -136.22917985916138]
抓取点预测坐标%%%%%%%%%%%%%%%%%% 2026-01-26 18:24:39.993 | INFO     | __main__:process_tasks_1:276 - (652, 1443)
2026-01-26 18:25:18.207 | INFO     | __main__:process_tasks_1:276 - (652, 1443)
2026-01-26 18:25:56.393 | INFO     | __main__:process_tasks_1:276 - (645, 1443)
2026-01-26 18:26:34.595 | INFO     | __main__:process_tasks_1:276 - (651, 1443)
[np.float64(1047.476866675446), np.float64(179.1761366716663), 97, -180, -1.589, -136.22917985916138]
对象 30: 越过1/3基线，状态更新为1
对象 31: 越过1/3基线，状态更新为1
对象 32: 越过1/3基线，状态更新为1
对象 33: 越过1/3基线，状态更新为1
对象 34: 越过1/3基线，状态更新为1
对象 35: 越过1/3基线，状态更新为1
对象 35 状态2确认. Robot Dir: [0.99970794 0.02416701]
============35=============
任务id-35 分配至1号机械臂(左臂：面向相机时左侧) 
id-35 加入抓取队列
id-35 预判检查: wait_time=7.579s
抓取点真实坐标################## [np.float64(1044.4502081420085), np.float64(179.11763162110685), 97, -180, -1.589, -136.01498794555664]
抓取点预测坐标%%%%%%%%%%%%%%%%%% [np.float64(1044.4502081420085), np.float64(179.11763162110685), 97, -180, -1.589, -136.01498794555664]
arm1在5分钟内未接收质心坐标，计数重置为0，放置高度重置为-2.775mm
arm2在5分钟未接收质心坐标，计数重置为0，放置高度重置为145.1mm
对象 36: 越过1/3基线，状态更新为1
对象 37: 越过1/3基线，状态更新为1
对象 37 状态2确认. Robot Dir: [0.99974345 0.02265032]
============37=============
任务id-37 分配至1号机械臂(左臂：面向相机时左侧) 
id-37 加入抓取队列
id-37 预判检查: wait_time=7.581s
抓取点真实坐标################## [np.float64(1044.4502081420085), np.float64(179.11763162110685), 97, -180, -1.589, -136.1552758216858]
抓取点预测坐标%%%%%%%%%%%%%%%%%% [np.float64(1044.4502081420085), np.float64(179.11763162110685), 97, -180, -1.589, -136.1552758216858]
arm1在5分钟内未接收质心坐标，计数重置为0，放置高度重置为-2.775mm
arm2在5分钟未接收质心坐标，计数重置为0，放置高度重置为145.1mm
对象 39: 越过1/3基线，状态更新为1
对象 40: 越过1/3基线，状态更新为1
对象 41: 越过1/3基线，状态更新为1
对象 41 状态2确认. Robot Dir: [0.99970794 0.02416701]
============41=============
任务id-41 分配至1号机械臂(左臂：面向相机时左侧) 
id-41 加入抓取队列
id-41 预判检查: wait_time=7.580s
抓取点真实坐标################## [np.float64(1040.9191065196649), np.float64(179.04937572878737), 97, -180, -1.589, -136.24120116233826]
抓取点预测坐标%%%%%%%%%%%%%%%%%% [np.float64(1040.9191065196649), np.float64(179.04937572878737), 97, -180, -1.589, -136.24120116233826]
对象 42: 越过1/3基线，状态更新为1
对象 43: 越过1/3基线，状态更新为1
对象 44: 越过1/3基线，状态更新为1
对象 44 状态2确认. Robot Dir: [0.99969367 0.02474996]
============44=============
任务id-44 分配至1号机械臂(左臂：面向相机时左侧) 
id-44 加入抓取队列
id-44 预判检查: wait_time=7.581s
抓取点真实坐标################## [np.float64(1043.9457650531021), np.float64(179.10788077934694), 97, -180, -1.589, -136.23818373680115]
抓取点预测坐标%%%%%%%%%%%%%%%%%% [np.float64(1043.9457650531021), np.float64(179.10788077934694), 97, -180, -1.589, -136.23818373680115]
正在清理资源...
Traceback (most recent call last):
  File "/home/test/projects/Dfg/DfgV2_1/main.py", line 648, in main
    frame = camera.get_frame()
  File "/home/test/projects/Dfg/DfgV2_1/camera_handler.py", line 129, in get_frame
    frames = self.pipeline.wait_for_frames()
KeyboardInterrupt

During handling of the above exception, another exception occurred:

Traceback (most recent call last):
  File "/home/test/projects/Dfg/DfgV2_1/main.py", line 818, in <module>
    main()
  File "/home/test/projects/Dfg/DfgV2_1/main.py", line 802, in main
    task_queue_2.join()
  File "/home/test/anaconda3/envs/Dfg/lib/python3.10/queue.py", line 90, in join
    self.all_tasks_done.wait()
  File "/home/test/anaconda3/envs/Dfg/lib/python3.10/threading.py", line 320, in wait
    waiter.acquire()
KeyboardInterrupt
