2026-03-27 18:13:18.998] object_detector.py   361    INFO    : last Areaavg: 0.000000
2026-03-27 18:13:19.201] object_detector.py   185    INFO    : x_min: 117.000000, x_max: 1671.000000, w_img: 1700.000000
2026-03-27 18:13:19.202] object_detector.py   210    INFO    : self.tracked_objects为空
2026-03-27 18:13:19.202] object_detector.py   316    INFO    : 增加新面积: 472.280000
2026-03-27 18:13:19.202] object_detector.py   331    INFO    : length: 1, queue[0][0] x: 1048.000000, y: 405.000000
2026-03-27 18:13:19.202] object_detector.py   409    INFO    : id: 0, 质心x: 1048.000000, 质心y: 405.000000, t: 0.000000
2026-03-27 18:13:19.202] object_detector.py   415    INFO    : 0th area 0: 472.280000
2026-03-27 18:13:19.209] tracker.py           104    INFO    : motion dict don't have 0id
2026-03-27 18:13:19.251] object_detector.py   185    INFO    : x_min: 118.000000, x_max: 1670.000000, w_img: 1700.000000
2026-03-27 18:13:19.251] object_detector.py   214    INFO    : self.next_id: 1, tid: 0
2026-03-27 18:13:19.251] object_detector.py   217    INFO    : tid: 0, now centroid x: 1049.000000, y: 405.000000, history centroid x: 1048.000000, y: 405.000000
2026-03-27 18:13:19.251] object_detector.py   229    INFO    : tid: 0, predictX - nowX: 6.017334
2026-03-27 18:13:19.251] object_detector.py   236    INFO    : self.nowAreaAvg[0]: -1.000000
2026-03-27 18:13:19.251] object_detector.py   239    INFO    : tid: 0, flag: 1
2026-03-27 18:13:19.251] object_detector.py   255    INFO    : tid: 0, 增加新面积: 471.940000
2026-03-27 18:13:19.251] object_detector.py   269    INFO    : tid: 0, length: 2, queue[0][0] x: 1048.000000, y: 405.000000
2026-03-27 18:13:19.251] object_detector.py   269    INFO    : tid: 0, length: 2, queue[0][1] x: 1049.000000, y: 405.000000
2026-03-27 18:13:19.251] object_detector.py   274    INFO    : tid: 0, self.id_now[0][0] = 0, self.id_now[0][1] = 5
2026-03-27 18:13:19.251] object_detector.py   409    INFO    : id: 0, 质心x: 1049.000000, 质心y: 405.000000, t: 0.000000
2026-03-27 18:13:19.251] object_detector.py   415    INFO    : 0th area 0: 472.280000
2026-03-27 18:13:19.251] object_detector.py   415    INFO    : 0th area 1: 471.940000
2026-03-27 18:13:19.298] object_detector.py   409    INFO    : id: 0, 质心x: 1049.000000, 质心y: 405.000000, t: 0.000000
2026-03-27 18:13:19.298] object_detector.py   415    INFO    : 0th area 0: 472.280000
2026-03-27 18:13:19.298] object_detector.py   415    INFO    : 0th area 1: 471.940000
2026-03-27 18:13:19.347] object_detector.py   409    INFO    : id: 0, 质心x: 1049.000000, 质心y: 405.000000, t: 0.000000
2026-03-27 18:13:19.347] object_detector.py   415    INFO    : 0th area 0: 472.280000
2026-03-27 18:13:19.347] object_detector.py   415    INFO    : 0th area 1: 471.940000
2026-03-27 18:13:19.396] object_detector.py   409    INFO    : id: 0, 质心x: 1049.000000, 质心y: 405.000000, t: 0.000000
2026-03-27 18:13:19.396] object_detector.py   415    INFO    : 0th area 0: 472.280000
2026-03-27 18:13:19.397] object_detector.py   415    INFO    : 0th area 1: 471.940000
2026-03-27 18:13:19.446] object_detector.py   409    INFO    : id: 0, 质心x: 1049.000000, 质心y: 405.000000, t: 0.000000
2026-03-27 18:13:19.446] object_detector.py   415    INFO    : 0th area 0: 472.280000
2026-03-27 18:13:19.446] object_detector.py   415    INFO    : 0th area 1: 471.940000
2026-03-27 18:13:19.495] object_detector.py   361    INFO    : last Areaavg: 0.000000
2026-03-27 18:13:19.495] object_detector.py   409    INFO    : id: 0, 质心x: 1049.000000, 质心y: 405.000000, t: 0.000000
2026-03-27 18:13:19.495] object_detector.py   415    INFO    : 0th area 0: 472.280000
2026-03-27 18:13:19.495] object_detector.py   415    INFO    : 0th area 1: 471.940000
2026-03-27 18:13:19.627] object_detector.py   185    INFO    : x_min: 117.000000, x_max: 1671.000000, w_img: 1700.000000
2026-03-27 18:13:19.628] object_detector.py   210    INFO    : self.tracked_objects为空
2026-03-27 18:13:19.628] object_detector.py   316    INFO    : 增加新面积: 472.332500
2026-03-27 18:13:19.628] object_detector.py   331    INFO    : length: 1, queue[1][0] x: 1049.000000, y: 405.000000
2026-03-27 18:13:19.628] object_detector.py   409    INFO    : id: 1, 质心x: 1049.000000, 质心y: 405.000000, t: 0.000000
2026-03-27 18:13:19.628] object_detector.py   415    INFO    : 1th area 0: 472.332500
2026-03-27 18:13:19.634] tracker.py           104    INFO    : motion dict don't have 1id
2026-03-27 18:13:19.677] object_detector.py   409    INFO    : id: 1, 质心x: 1049.000000, 质心y: 405.000000, t: 0.000000
2026-03-27 18:13:19.677] object_detector.py   415    INFO    : 1th area 0: 472.332500
2026-03-27 18:13:19.727] object_detector.py   409    INFO    : id: 1, 质心x: 1049.000000, 质心y: 405.000000, t: 0.000000
2026-03-27 18:13:19.727] object_detector.py   415    INFO    : 1th area 0: 472.332500
2026-03-27 18:13:19.776] object_detector.py   409    INFO    : id: 1, 质心x: 1049.000000, 质心y: 405.000000, t: 0.000000
2026-03-27 18:13:19.776] object_detector.py   415    INFO    : 1th area 0: 472.332500
2026-03-27 18:13:19.825] object_detector.py   409    INFO    : id: 1, 质心x: 1049.000000, 质心y: 405.000000, t: 0.000000
2026-03-27 18:13:19.825] object_detector.py   415    INFO    : 1th area 0: 472.332500
2026-03-27 18:13:19.874] object_detector.py   409    INFO    : id: 1, 质心x: 1049.000000, 质心y: 405.000000, t: 0.000000
2026-03-27 18:13:19.874] object_detector.py   415    INFO    : 1th area 0: 472.332500
2026-03-27 18:13:20.026] object_detector.py   361    INFO    : last Areaavg: 0.000000
2026-03-27 18:13:20.524] object_detector.py   361    INFO    : last Areaavg: 0.000000
2026-03-27 18:13:20.646] object_detector.py   185    INFO    : x_min: 117.000000, x_max: 1670.000000, w_img: 1700.000000
2026-03-27 18:13:20.647] object_detector.py   210    INFO    : self.tracked_objects为空
2026-03-27 18:13:20.647] object_detector.py   316    INFO    : 增加新面积: 471.857500
2026-03-27 18:13:20.647] object_detector.py   331    INFO    : length: 1, queue[2][0] x: 1048.000000, y: 405.000000
2026-03-27 18:13:20.647] object_detector.py   409    INFO    : id: 2, 质心x: 1048.000000, 质心y: 405.000000, t: 0.000000
2026-03-27 18:13:20.647] object_detector.py   415    INFO    : 2th area 0: 471.857500
2026-03-27 18:13:20.653] tracker.py           104    INFO    : motion dict don't have 2id
2026-03-27 18:13:20.699] object_detector.py   409    INFO    : id: 2, 质心x: 1048.000000, 质心y: 405.000000, t: 0.000000
2026-03-27 18:13:20.699] object_detector.py   415    INFO    : 2th area 0: 471.857500
2026-03-27 18:13:20.755] object_detector.py   409    INFO    : id: 2, 质心x: 1048.000000, 质心y: 405.000000, t: 0.000000
2026-03-27 18:13:20.755] object_detector.py   415    INFO    : 2th area 0: 471.857500
2026-03-27 18:13:20.805] object_detector.py   409    INFO    : id: 2, 质心x: 1048.000000, 质心y: 405.000000, t: 0.000000
2026-03-27 18:13:20.805] object_detector.py   415    INFO    : 2th area 0: 471.857500
2026-03-27 18:13:20.854] object_detector.py   409    INFO    : id: 2, 质心x: 1048.000000, 质心y: 405.000000, t: 0.000000
2026-03-27 18:13:20.854] object_detector.py   415    INFO    : 2th area 0: 471.857500
2026-03-27 18:13:20.903] object_detector.py   409    INFO    : id: 2, 质心x: 1048.000000, 质心y: 405.000000, t: 0.000000
2026-03-27 18:13:20.903] object_detector.py   415    INFO    : 2th area 0: 471.857500
2026-03-27 18:13:21.047] object_detector.py   361    INFO    : last Areaavg: 0.000000
2026-03-27 18:13:21.184] object_detector.py   185    INFO    : x_min: 117.000000, x_max: 1671.000000, w_img: 1700.000000
2026-03-27 18:13:21.184] object_detector.py   210    INFO    : self.tracked_objects为空
2026-03-27 18:13:21.184] object_detector.py   316    INFO    : 增加新面积: 471.952500
2026-03-27 18:13:21.184] object_detector.py   331    INFO    : length: 1, queue[3][0] x: 1048.000000, y: 405.000000
2026-03-27 18:13:21.185] object_detector.py   409    INFO    : id: 3, 质心x: 1048.000000, 质心y: 405.000000, t: 0.000000
2026-03-27 18:13:21.185] object_detector.py   415    INFO    : 3th area 0: 471.952500
2026-03-27 18:13:21.191] tracker.py           104    INFO    : motion dict don't have 3id
2026-03-27 18:13:21.235] object_detector.py   185    INFO    : x_min: 117.000000, x_max: 1671.000000, w_img: 1700.000000
2026-03-27 18:13:21.235] object_detector.py   214    INFO    : self.next_id: 4, tid: 3
2026-03-27 18:13:21.235] object_detector.py   217    INFO    : tid: 3, now centroid x: 1049.000000, y: 405.000000, history centroid x: 1048.000000, y: 405.000000
2026-03-27 18:13:21.235] object_detector.py   229    INFO    : tid: 3, predictX - nowX: 6.285619
2026-03-27 18:13:21.235] object_detector.py   236    INFO    : self.nowAreaAvg[3]: -1.000000
2026-03-27 18:13:21.235] object_detector.py   239    INFO    : tid: 3, flag: 1
2026-03-27 18:13:21.235] object_detector.py   255    INFO    : tid: 3, 增加新面积: 471.887500
2026-03-27 18:13:21.235] object_detector.py   269    INFO    : tid: 3, length: 2, queue[3][0] x: 1048.000000, y: 405.000000
2026-03-27 18:13:21.236] object_detector.py   269    INFO    : tid: 3, length: 2, queue[3][1] x: 1049.000000, y: 405.000000
2026-03-27 18:13:21.236] object_detector.py   274    INFO    : tid: 3, self.id_now[0][0] = 0, self.id_now[0][1] = 2
2026-03-27 18:13:21.236] object_detector.py   274    INFO    : tid: 3, self.id_now[1][0] = 1, self.id_now[1][1] = 3
2026-03-27 18:13:21.236] object_detector.py   274    INFO    : tid: 3, self.id_now[2][0] = 2, self.id_now[2][1] = 4
2026-03-27 18:13:21.236] object_detector.py   274    INFO    : tid: 3, self.id_now[3][0] = 3, self.id_now[3][1] = 5
2026-03-27 18:13:21.236] object_detector.py   409    INFO    : id: 3, 质心x: 1049.000000, 质心y: 405.000000, t: 0.000000
2026-03-27 18:13:21.236] object_detector.py   415    INFO    : 3th area 0: 471.952500
2026-03-27 18:13:21.236] object_detector.py   415    INFO    : 3th area 1: 471.887500
2026-03-27 18:13:21.285] object_detector.py   409    INFO    : id: 3, 质心x: 1049.000000, 质心y: 405.000000, t: 0.000000
2026-03-27 18:13:21.285] object_detector.py   415    INFO    : 3th area 0: 471.952500
2026-03-27 18:13:21.285] object_detector.py   415    INFO    : 3th area 1: 471.887500
2026-03-27 18:13:21.335] object_detector.py   409    INFO    : id: 3, 质心x: 1049.000000, 质心y: 405.000000, t: 0.000000
2026-03-27 18:13:21.335] object_detector.py   415    INFO    : 3th area 0: 471.952500
2026-03-27 18:13:21.335] object_detector.py   415    INFO    : 3th area 1: 471.887500
2026-03-27 18:13:21.384] object_detector.py   409    INFO    : id: 3, 质心x: 1049.000000, 质心y: 405.000000, t: 0.000000
2026-03-27 18:13:21.384] object_detector.py   415    INFO    : 3th area 0: 471.952500
2026-03-27 18:13:21.384] object_detector.py   415    INFO    : 3th area 1: 471.887500
2026-03-27 18:13:21.434] object_detector.py   409    INFO    : id: 3, 质心x: 1049.000000, 质心y: 405.000000, t: 0.000000
2026-03-27 18:13:21.434] object_detector.py   415    INFO    : 3th area 0: 471.952500
2026-03-27 18:13:21.434] object_detector.py   415    INFO    : 3th area 1: 471.887500
2026-03-27 18:13:21.484] object_detector.py   409    INFO    : id: 3, 质心x: 1049.000000, 质心y: 405.000000, t: 0.000000
2026-03-27 18:13:21.484] object_detector.py   415    INFO    : 3th area 0: 471.952500
2026-03-27 18:13:21.484] object_detector.py   415    INFO    : 3th area 1: 471.887500
2026-03-27 18:13:21.574] object_detector.py   185    INFO    : x_min: 118.000000, x_max: 1670.000000, w_img: 1700.000000
2026-03-27 18:13:21.574] object_detector.py   210    INFO    : self.tracked_objects为空
2026-03-27 18:13:21.574] object_detector.py   316    INFO    : 增加新面积: 471.985000
2026-03-27 18:13:21.574] object_detector.py   331    INFO    : length: 1, queue[4][0] x: 1049.000000, y: 405.000000
2026-03-27 18:13:21.574] object_detector.py   361    INFO    : last Areaavg: 0.000000
2026-03-27 18:13:21.574] object_detector.py   409    INFO    : id: 4, 质心x: 1049.000000, 质心y: 405.000000, t: 0.000000
2026-03-27 18:13:21.574] object_detector.py   415    INFO    : 4th area 0: 471.985000
2026-03-27 18:13:21.581] tracker.py           104    INFO    : motion dict don't have 4id
2026-03-27 18:13:21.624] object_detector.py   409    INFO    : id: 4, 质心x: 1049.000000, 质心y: 405.000000, t: 0.000000
2026-03-27 18:13:21.625] object_detector.py   415    INFO    : 4th area 0: 471.985000
2026-03-27 18:13:21.674] object_detector.py   409    INFO    : id: 4, 质心x: 1049.000000, 质心y: 405.000000, t: 0.000000
2026-03-27 18:13:21.675] object_detector.py   415    INFO    : 4th area 0: 471.985000
2026-03-27 18:13:21.725] object_detector.py   409    INFO    : id: 4, 质心x: 1049.000000, 质心y: 405.000000, t: 0.000000
2026-03-27 18:13:21.725] object_detector.py   415    INFO    : 4th area 0: 471.985000
2026-03-27 18:13:21.775] object_detector.py   409    INFO    : id: 4, 质心x: 1049.000000, 质心y: 405.000000, t: 0.000000
2026-03-27 18:13:21.775] object_detector.py   415    INFO    : 4th area 0: 471.985000
2026-03-27 18:13:21.824] object_detector.py   409    INFO    : id: 4, 质心x: 1049.000000, 质心y: 405.000000, t: 0.000000
2026-03-27 18:13:21.824] object_detector.py   415    INFO    : 4th area 0: 471.985000
2026-03-27 18:13:22.078] object_detector.py   361    INFO    : last Areaavg: 0.000000
2026-03-27 18:13:22.407] object_detector.py   185    INFO    : x_min: 118.000000, x_max: 1671.000000, w_img: 1700.000000
2026-03-27 18:13:22.407] object_detector.py   210    INFO    : self.tracked_objects为空
2026-03-27 18:13:22.407] object_detector.py   316    INFO    : 增加新面积: 472.415000
2026-03-27 18:13:22.407] object_detector.py   331    INFO    : length: 1, queue[5][0] x: 1048.000000, y: 405.000000
2026-03-27 18:13:22.407] object_detector.py   349    INFO    : 删除id为0的面积, 被删除的面积为472.110000
2026-03-27 18:13:22.407] object_detector.py   409    INFO    : id: 5, 质心x: 1048.000000, 质心y: 405.000000, t: 0.000000
2026-03-27 18:13:22.407] object_detector.py   415    INFO    : 5th area 0: 472.415000
2026-03-27 18:13:22.414] tracker.py           104    INFO    : motion dict don't have 5id
2026-03-27 18:13:22.459] object_detector.py   409    INFO    : id: 5, 质心x: 1048.000000, 质心y: 405.000000, t: 0.000000
2026-03-27 18:13:22.459] object_detector.py   415    INFO    : 5th area 0: 472.415000
2026-03-27 18:13:22.510] object_detector.py   409    INFO    : id: 5, 质心x: 1048.000000, 质心y: 405.000000, t: 0.000000
2026-03-27 18:13:22.510] object_detector.py   415    INFO    : 5th area 0: 472.415000
2026-03-27 18:13:22.560] object_detector.py   409    INFO    : id: 5, 质心x: 1048.000000, 质心y: 405.000000, t: 0.000000
2026-03-27 18:13:22.560] object_detector.py   415    INFO    : 5th area 0: 472.415000
2026-03-27 18:13:22.610] object_detector.py   361    INFO    : last Areaavg: 0.000000
2026-03-27 18:13:22.610] object_detector.py   409    INFO    : id: 5, 质心x: 1048.000000, 质心y: 405.000000, t: 0.000000
2026-03-27 18:13:22.610] object_detector.py   415    INFO    : 5th area 0: 472.415000
2026-03-27 18:13:22.659] object_detector.py   409    INFO    : id: 5, 质心x: 1048.000000, 质心y: 405.000000, t: 0.000000
2026-03-27 18:13:22.659] object_detector.py   415    INFO    : 5th area 0: 472.415000
2026-03-27 18:13:22.908] object_detector.py   185    INFO    : x_min: 117.000000, x_max: 1671.000000, w_img: 1700.000000
2026-03-27 18:13:22.909] object_detector.py   210    INFO    : self.tracked_objects为空
2026-03-27 18:13:22.909] object_detector.py   316    INFO    : 增加新面积: 472.780000
2026-03-27 18:13:22.909] object_detector.py   331    INFO    : length: 1, queue[6][0] x: 1048.000000, y: 405.000000
2026-03-27 18:13:22.909] object_detector.py   349    INFO    : 删除id为0的面积, 被删除的面积为-1.000000
2026-03-27 18:13:22.909] object_detector.py   349    INFO    : 删除id为1的面积, 被删除的面积为472.332500
2026-03-27 18:13:22.909] object_detector.py   409    INFO    : id: 6, 质心x: 1048.000000, 质心y: 405.000000, t: 0.000000
2026-03-27 18:13:22.909] object_detector.py   415    INFO    : 6th area 0: 472.780000
2026-03-27 18:13:22.916] tracker.py           104    INFO    : motion dict don't have 6id
2026-03-27 18:13:22.960] object_detector.py   409    INFO    : id: 6, 质心x: 1048.000000, 质心y: 405.000000, t: 0.000000
2026-03-27 18:13:22.960] object_detector.py   415    INFO    : 6th area 0: 472.780000
2026-03-27 18:13:23.009] object_detector.py   409    INFO    : id: 6, 质心x: 1048.000000, 质心y: 405.000000, t: 0.000000
2026-03-27 18:13:23.010] object_detector.py   415    INFO    : 6th area 0: 472.780000
2026-03-27 18:13:23.059] object_detector.py   409    INFO    : id: 6, 质心x: 1048.000000, 质心y: 405.000000, t: 0.000000
2026-03-27 18:13:23.059] object_detector.py   415    INFO    : 6th area 0: 472.780000
2026-03-27 18:13:23.109] object_detector.py   409    INFO    : id: 6, 质心x: 1048.000000, 质心y: 405.000000, t: 0.000000
2026-03-27 18:13:23.109] object_detector.py   415    INFO    : 6th area 0: 472.780000
2026-03-27 18:13:23.157] object_detector.py   361    INFO    : last Areaavg: 0.000000
2026-03-27 18:13:23.157] object_detector.py   409    INFO    : id: 6, 质心x: 1048.000000, 质心y: 405.000000, t: 0.000000
2026-03-27 18:13:23.157] object_detector.py   415    INFO    : 6th area 0: 472.780000
2026-03-27 18:13:23.246] object_detector.py   185    INFO    : x_min: 118.000000, x_max: 1670.000000, w_img: 1700.000000
2026-03-27 18:13:23.247] object_detector.py   210    INFO    : self.tracked_objects为空
2026-03-27 18:13:23.247] object_detector.py   316    INFO    : 增加新面积: 471.607500
2026-03-27 18:13:23.247] object_detector.py   331    INFO    : length: 1, queue[7][0] x: 1049.000000, y: 405.000000
2026-03-27 18:13:23.247] object_detector.py   349    INFO    : 删除id为0的面积, 被删除的面积为-1.000000
2026-03-27 18:13:23.247] object_detector.py   349    INFO    : 删除id为1的面积, 被删除的面积为-1.000000
2026-03-27 18:13:23.247] object_detector.py   349    INFO    : 删除id为2的面积, 被删除的面积为471.857500
2026-03-27 18:13:23.247] object_detector.py   409    INFO    : id: 7, 质心x: 1049.000000, 质心y: 405.000000, t: 0.000000
2026-03-27 18:13:23.247] object_detector.py   415    INFO    : 7th area 0: 471.607500
2026-03-27 18:13:23.253] tracker.py           104    INFO    : motion dict don't have 7id
2026-03-27 18:13:23.296] object_detector.py   409    INFO    : id: 7, 质心x: 1049.000000, 质心y: 405.000000, t: 0.000000
2026-03-27 18:13:23.296] object_detector.py   415    INFO    : 7th area 0: 471.607500
2026-03-27 18:13:23.346] object_detector.py   185    INFO    : x_min: 118.000000, x_max: 1670.000000, w_img: 1700.000000
2026-03-27 18:13:23.347] object_detector.py   214    INFO    : self.next_id: 8, tid: 7
2026-03-27 18:13:23.347] object_detector.py   217    INFO    : tid: 7, now centroid x: 1050.000000, y: 405.000000, history centroid x: 1049.000000, y: 405.000000
2026-03-27 18:13:23.347] object_detector.py   229    INFO    : tid: 7, predictX - nowX: 13.307555
2026-03-27 18:13:23.347] object_detector.py   236    INFO    : self.nowAreaAvg[7]: -1.000000
2026-03-27 18:13:23.347] object_detector.py   239    INFO    : tid: 7, flag: 1
2026-03-27 18:13:23.347] object_detector.py   255    INFO    : tid: 7, 增加新面积: 471.192500
2026-03-27 18:13:23.347] object_detector.py   269    INFO    : tid: 7, length: 2, queue[7][0] x: 1049.000000, y: 405.000000
2026-03-27 18:13:23.347] object_detector.py   269    INFO    : tid: 7, length: 2, queue[7][1] x: 1050.000000, y: 405.000000
2026-03-27 18:13:23.347] object_detector.py   274    INFO    : tid: 7, self.id_now[0][0] = 0, self.id_now[0][1] = -1
2026-03-27 18:13:23.347] object_detector.py   287    INFO    : tid: 7删除id为0的面积, 被删除的面积为-1.000000
2026-03-27 18:13:23.347] object_detector.py   274    INFO    : tid: 7, self.id_now[1][0] = 1, self.id_now[1][1] = -1
2026-03-27 18:13:23.347] object_detector.py   287    INFO    : tid: 7删除id为1的面积, 被删除的面积为-1.000000
2026-03-27 18:13:23.347] object_detector.py   274    INFO    : tid: 7, self.id_now[2][0] = 2, self.id_now[2][1] = -1
2026-03-27 18:13:23.347] object_detector.py   287    INFO    : tid: 7删除id为2的面积, 被删除的面积为-1.000000
2026-03-27 18:13:23.347] object_detector.py   274    INFO    : tid: 7, self.id_now[3][0] = 3, self.id_now[3][1] = 1
2026-03-27 18:13:23.347] object_detector.py   274    INFO    : tid: 7, self.id_now[4][0] = 4, self.id_now[4][1] = 2
2026-03-27 18:13:23.347] object_detector.py   274    INFO    : tid: 7, self.id_now[5][0] = 5, self.id_now[5][1] = 3
2026-03-27 18:13:23.347] object_detector.py   274    INFO    : tid: 7, self.id_now[6][0] = 6, self.id_now[6][1] = 4
2026-03-27 18:13:23.347] object_detector.py   274    INFO    : tid: 7, self.id_now[7][0] = 7, self.id_now[7][1] = 5
2026-03-27 18:13:23.347] object_detector.py   409    INFO    : id: 7, 质心x: 1050.000000, 质心y: 405.000000, t: 0.000000
2026-03-27 18:13:23.347] object_detector.py   415    INFO    : 7th area 0: 471.607500
2026-03-27 18:13:23.347] object_detector.py   415    INFO    : 7th area 1: 471.192500
2026-03-27 18:13:23.395] object_detector.py   409    INFO    : id: 7, 质心x: 1050.000000, 质心y: 405.000000, t: 0.000000
2026-03-27 18:13:23.396] object_detector.py   415    INFO    : 7th area 0: 471.607500
2026-03-27 18:13:23.396] object_detector.py   415    INFO    : 7th area 1: 471.192500
2026-03-27 18:13:23.445] object_detector.py   409    INFO    : id: 7, 质心x: 1050.000000, 质心y: 405.000000, t: 0.000000
2026-03-27 18:13:23.445] object_detector.py   415    INFO    : 7th area 0: 471.607500
2026-03-27 18:13:23.446] object_detector.py   415    INFO    : 7th area 1: 471.192500
2026-03-27 18:13:23.495] object_detector.py   409    INFO    : id: 7, 质心x: 1050.000000, 质心y: 405.000000, t: 0.000000
2026-03-27 18:13:23.496] object_detector.py   415    INFO    : 7th area 0: 471.607500
2026-03-27 18:13:23.496] object_detector.py   415    INFO    : 7th area 1: 471.192500
2026-03-27 18:13:23.545] object_detector.py   409    INFO    : id: 7, 质心x: 1050.000000, 质心y: 405.000000, t: 0.000000
2026-03-27 18:13:23.545] object_detector.py   415    INFO    : 7th area 0: 471.607500
2026-03-27 18:13:23.545] object_detector.py   415    INFO    : 7th area 1: 471.192500
2026-03-27 18:13:23.598] object_detector.py   409    INFO    : id: 7, 质心x: 1050.000000, 质心y: 405.000000, t: 0.000000
2026-03-27 18:13:23.598] object_detector.py   415    INFO    : 7th area 0: 471.607500
2026-03-27 18:13:23.599] object_detector.py   415    INFO    : 7th area 1: 471.192500
2026-03-27 18:13:23.718] object_detector.py   361    INFO    : last Areaavg: 0.000000
2026-03-27 18:13:24.002] object_detector.py   185    INFO    : x_min: 116.000000, x_max: 763.000000, w_img: 1700.000000
2026-03-27 18:13:24.003] object_detector.py   185    INFO    : x_min: 725.000000, x_max: 1679.000000, w_img: 1700.000000
2026-03-27 18:13:24.003] object_detector.py   210    INFO    : self.tracked_objects为空
2026-03-27 18:13:24.003] object_detector.py   316    INFO    : 增加新面积: 80.317500
2026-03-27 18:13:24.003] object_detector.py   331    INFO    : length: 1, queue[8][0] x: 1247.000000, y: 416.000000
2026-03-27 18:13:24.003] object_detector.py   349    INFO    : 删除id为0的面积, 被删除的面积为-1.000000
2026-03-27 18:13:24.003] object_detector.py   349    INFO    : 删除id为1的面积, 被删除的面积为-1.000000
2026-03-27 18:13:24.003] object_detector.py   349    INFO    : 删除id为2的面积, 被删除的面积为-1.000000
2026-03-27 18:13:24.003] object_detector.py   349    INFO    : 删除id为3的面积, 被删除的面积为471.920000
2026-03-27 18:13:24.003] object_detector.py   210    INFO    : self.tracked_objects为空
2026-03-27 18:13:24.003] object_detector.py   316    INFO    : 增加新面积: 345.897500
2026-03-27 18:13:24.003] object_detector.py   331    INFO    : length: 1, queue[9][0] x: 1247.000000, y: 416.000000
2026-03-27 18:13:24.003] object_detector.py   349    INFO    : 删除id为0的面积, 被删除的面积为-1.000000
2026-03-27 18:13:24.003] object_detector.py   349    INFO    : 删除id为1的面积, 被删除的面积为-1.000000
2026-03-27 18:13:24.003] object_detector.py   349    INFO    : 删除id为2的面积, 被删除的面积为-1.000000
2026-03-27 18:13:24.003] object_detector.py   349    INFO    : 删除id为3的面积, 被删除的面积为-1.000000
2026-03-27 18:13:24.003] object_detector.py   349    INFO    : 删除id为4的面积, 被删除的面积为471.985000
2026-03-27 18:13:24.003] object_detector.py   409    INFO    : id: 8, 质心x: 297.000000, 质心y: 383.000000, t: 0.000000
2026-03-27 18:13:24.003] object_detector.py   415    INFO    : 8th area 0: 80.317500
2026-03-27 18:13:24.003] tracker.py           104    INFO    : motion dict don't have 8id
2026-03-27 18:13:24.005] tracker.py           135    INFO    : 对象 8: 越过1/2基线前面5cm的位置, 状态更新为1
2026-03-27 18:13:24.005] tracker.py           137    INFO    : 面积: 80.317500cm2, id: 8, 长度: 32.350000
2026-03-27 18:13:24.005] object_detector.py   409    INFO    : id: 9, 质心x: 1247.000000, 质心y: 416.000000, t: 0.000000
2026-03-27 18:13:24.005] object_detector.py   415    INFO    : 9th area 0: 345.897500
2026-03-27 18:13:24.011] tracker.py           104    INFO    : motion dict don't have 9id
2026-03-27 18:13:24.055] object_detector.py   185    INFO    : x_min: 723.000000, x_max: 1679.000000, w_img: 1700.000000
2026-03-27 18:13:24.055] object_detector.py   185    INFO    : x_min: 71.000000, x_max: 734.000000, w_img: 1700.000000
2026-03-27 18:13:24.055] object_detector.py   214    INFO    : self.next_id: 10, tid: 8
2026-03-27 18:13:24.055] object_detector.py   217    INFO    : tid: 8, now centroid x: 1248.000000, y: 416.000000, history centroid x: 297.000000, y: 383.000000
2026-03-27 18:13:24.056] object_detector.py   229    INFO    : tid: 8, predictX - nowX: 6.548073
2026-03-27 18:13:24.056] object_detector.py   236    INFO    : self.nowAreaAvg[8]: -1.000000
2026-03-27 18:13:24.056] object_detector.py   239    INFO    : tid: 8, flag: 1
2026-03-27 18:13:24.056] object_detector.py   255    INFO    : tid: 8, 增加新面积: 346.385000
2026-03-27 18:13:24.056] object_detector.py   269    INFO    : tid: 8, length: 2, queue[8][0] x: 1247.000000, y: 416.000000
2026-03-27 18:13:24.056] object_detector.py   269    INFO    : tid: 8, length: 2, queue[8][1] x: 1248.000000, y: 416.000000
2026-03-27 18:13:24.056] object_detector.py   274    INFO    : tid: 8, self.id_now[0][0] = 0, self.id_now[0][1] = -1
2026-03-27 18:13:24.056] object_detector.py   287    INFO    : tid: 8删除id为0的面积, 被删除的面积为-1.000000
2026-03-27 18:13:24.056] object_detector.py   274    INFO    : tid: 8, self.id_now[1][0] = 1, self.id_now[1][1] = -1
2026-03-27 18:13:24.056] object_detector.py   287    INFO    : tid: 8删除id为1的面积, 被删除的面积为-1.000000
2026-03-27 18:13:24.056] object_detector.py   274    INFO    : tid: 8, self.id_now[2][0] = 2, self.id_now[2][1] = -1
2026-03-27 18:13:24.056] object_detector.py   287    INFO    : tid: 8删除id为2的面积, 被删除的面积为-1.000000
2026-03-27 18:13:24.056] object_detector.py   274    INFO    : tid: 8, self.id_now[3][0] = 3, self.id_now[3][1] = -1
2026-03-27 18:13:24.056] object_detector.py   287    INFO    : tid: 8删除id为3的面积, 被删除的面积为-1.000000
2026-03-27 18:13:24.056] object_detector.py   274    INFO    : tid: 8, self.id_now[4][0] = 4, self.id_now[4][1] = -1
2026-03-27 18:13:24.056] object_detector.py   287    INFO    : tid: 8删除id为4的面积, 被删除的面积为-1.000000
2026-03-27 18:13:24.056] object_detector.py   274    INFO    : tid: 8, self.id_now[5][0] = 5, self.id_now[5][1] = 0
2026-03-27 18:13:24.056] object_detector.py   287    INFO    : tid: 8删除id为5的面积, 被删除的面积为472.415000
2026-03-27 18:13:24.056] object_detector.py   274    INFO    : tid: 8, self.id_now[6][0] = 6, self.id_now[6][1] = 1
2026-03-27 18:13:24.056] object_detector.py   274    INFO    : tid: 8, self.id_now[7][0] = 7, self.id_now[7][1] = 3
2026-03-27 18:13:24.056] object_detector.py   274    INFO    : tid: 8, self.id_now[8][0] = 8, self.id_now[8][1] = 4
2026-03-27 18:13:24.056] object_detector.py   274    INFO    : tid: 8, self.id_now[9][0] = 9, self.id_now[9][1] = 5
2026-03-27 18:13:24.056] object_detector.py   214    INFO    : self.next_id: 10, tid: 9
2026-03-27 18:13:24.056] object_detector.py   217    INFO    : tid: 9, now centroid x: 1248.000000, y: 416.000000, history centroid x: 1247.000000, y: 416.000000
2026-03-27 18:13:24.056] object_detector.py   229    INFO    : tid: 9, predictX - nowX: 6.582406
2026-03-27 18:13:24.056] object_detector.py   236    INFO    : self.nowAreaAvg[9]: -1.000000
2026-03-27 18:13:24.056] object_detector.py   239    INFO    : tid: 9, flag: 1
2026-03-27 18:13:24.056] object_detector.py   255    INFO    : tid: 9, 增加新面积: 346.385000
2026-03-27 18:13:24.056] object_detector.py   269    INFO    : tid: 9, length: 2, queue[9][0] x: 1247.000000, y: 416.000000
2026-03-27 18:13:24.056] object_detector.py   269    INFO    : tid: 9, length: 2, queue[9][1] x: 1248.000000, y: 416.000000
2026-03-27 18:13:24.056] object_detector.py   274    INFO    : tid: 9, self.id_now[0][0] = 0, self.id_now[0][1] = -1
2026-03-27 18:13:24.056] object_detector.py   287    INFO    : tid: 9删除id为0的面积, 被删除的面积为-1.000000
2026-03-27 18:13:24.056] object_detector.py   274    INFO    : tid: 9, self.id_now[1][0] = 1, self.id_now[1][1] = -1
2026-03-27 18:13:24.056] object_detector.py   287    INFO    : tid: 9删除id为1的面积, 被删除的面积为-1.000000
2026-03-27 18:13:24.056] object_detector.py   274    INFO    : tid: 9, self.id_now[2][0] = 2, self.id_now[2][1] = -1
2026-03-27 18:13:24.056] object_detector.py   287    INFO    : tid: 9删除id为2的面积, 被删除的面积为-1.000000
2026-03-27 18:13:24.056] object_detector.py   274    INFO    : tid: 9, self.id_now[3][0] = 3, self.id_now[3][1] = -1
2026-03-27 18:13:24.056] object_detector.py   287    INFO    : tid: 9删除id为3的面积, 被删除的面积为-1.000000
2026-03-27 18:13:24.056] object_detector.py   274    INFO    : tid: 9, self.id_now[4][0] = 4, self.id_now[4][1] = -1
2026-03-27 18:13:24.056] object_detector.py   287    INFO    : tid: 9删除id为4的面积, 被删除的面积为-1.000000
2026-03-27 18:13:24.056] object_detector.py   274    INFO    : tid: 9, self.id_now[5][0] = 5, self.id_now[5][1] = -1
2026-03-27 18:13:24.056] object_detector.py   287    INFO    : tid: 9删除id为5的面积, 被删除的面积为-1.000000
2026-03-27 18:13:24.056] object_detector.py   274    INFO    : tid: 9, self.id_now[6][0] = 6, self.id_now[6][1] = 0
2026-03-27 18:13:24.056] object_detector.py   287    INFO    : tid: 9删除id为6的面积, 被删除的面积为472.780000
2026-03-27 18:13:24.056] object_detector.py   274    INFO    : tid: 9, self.id_now[7][0] = 7, self.id_now[7][1] = 2
2026-03-27 18:13:24.056] object_detector.py   274    INFO    : tid: 9, self.id_now[8][0] = 8, self.id_now[8][1] = 5
2026-03-27 18:13:24.056] object_detector.py   274    INFO    : tid: 9, self.id_now[9][0] = 9, self.id_now[9][1] = 4
2026-03-27 18:13:24.056] object_detector.py   214    INFO    : self.next_id: 10, tid: 8
2026-03-27 18:13:24.056] object_detector.py   217    INFO    : tid: 8, now centroid x: 307.000000, y: 387.000000, history centroid x: 297.000000, y: 383.000000
2026-03-27 18:13:24.056] object_detector.py   229    INFO    : tid: 8, predictX - nowX: 947.681960
2026-03-27 18:13:24.056] object_detector.py   229    INFO    : tid: 8, predictX - nowX: 941.117317
2026-03-27 18:13:24.056] object_detector.py   239    INFO    : tid: 8, flag: 0
2026-03-27 18:13:24.057] object_detector.py   214    INFO    : self.next_id: 10, tid: 9
2026-03-27 18:13:24.057] object_detector.py   217    INFO    : tid: 9, now centroid x: 307.000000, y: 387.000000, history centroid x: 1247.000000, y: 416.000000
2026-03-27 18:13:24.057] object_detector.py   229    INFO    : tid: 9, predictX - nowX: 947.661640
2026-03-27 18:13:24.057] object_detector.py   229    INFO    : tid: 9, predictX - nowX: 941.070642
2026-03-27 18:13:24.057] object_detector.py   239    INFO    : tid: 9, flag: 0
2026-03-27 18:13:24.057] object_detector.py   316    INFO    : 增加新面积: 98.757500
2026-03-27 18:13:24.057] object_detector.py   319    WARNING : 异常检测报警，为卷曲或者更换布料
2026-03-27 18:13:24.057] object_detector.py   331    INFO    : length: 1, queue[10][0] x: 307.000000, y: 387.000000
2026-03-27 18:13:24.057] object_detector.py   349    INFO    : 删除id为0的面积, 被删除的面积为-1.000000
2026-03-27 18:13:24.057] object_detector.py   349    INFO    : 删除id为1的面积, 被删除的面积为-1.000000
2026-03-27 18:13:24.057] object_detector.py   349    INFO    : 删除id为2的面积, 被删除的面积为-1.000000
2026-03-27 18:13:24.057] object_detector.py   349    INFO    : 删除id为3的面积, 被删除的面积为-1.000000
2026-03-27 18:13:24.057] object_detector.py   349    INFO    : 删除id为4的面积, 被删除的面积为-1.000000
2026-03-27 18:13:24.057] object_detector.py   349    INFO    : 删除id为5的面积, 被删除的面积为-1.000000
2026-03-27 18:13:24.057] object_detector.py   349    INFO    : 删除id为6的面积, 被删除的面积为-1.000000
2026-03-27 18:13:24.057] object_detector.py   409    INFO    : id: 8, 质心x: 1248.000000, 质心y: 416.000000, t: 0.000000
2026-03-27 18:13:24.057] object_detector.py   415    INFO    : 8th area 0: 80.317500
2026-03-27 18:13:24.057] object_detector.py   415    INFO    : 8th area 1: 346.385000
2026-03-27 18:13:24.065] tracker.py           140    INFO    : 对象 8: 越过1/2基线，状态更新为2
2026-03-27 18:13:24.065] tracker.py           142    INFO    : ================2面积: 346.385000cm2, id: 8, 长度: 47.800000
2026-03-27 18:13:24.065] object_detector.py   409    INFO    : id: 9, 质心x: 1248.000000, 质心y: 416.000000, t: 0.000000
2026-03-27 18:13:24.065] object_detector.py   415    INFO    : 9th area 0: 345.897500
2026-03-27 18:13:24.065] object_detector.py   415    INFO    : 9th area 1: 346.385000
2026-03-27 18:13:24.073] object_detector.py   409    INFO    : id: 10, 质心x: 307.000000, 质心y: 387.000000, t: 0.000000
2026-03-27 18:13:24.073] object_detector.py   415    INFO    : 10th area 0: 98.757500
2026-03-27 18:13:24.073] tracker.py           104    INFO    : motion dict don't have 10id
2026-03-27 18:13:24.075] tracker.py           135    INFO    : 对象 10: 越过1/2基线前面5cm的位置, 状态更新为1
2026-03-27 18:13:24.075] tracker.py           137    INFO    : 面积: 98.757500cm2, id: 10, 长度: 33.150000
