2026-03-27 17:45:20.148] object_detector.py   361    INFO    : last Areaavg: 0.000000
2026-03-27 17:45:20.688] object_detector.py   361    INFO    : last Areaavg: 0.000000
2026-03-27 17:45:21.223] object_detector.py   361    INFO    : last Areaavg: 0.000000
2026-03-27 17:45:21.755] object_detector.py   361    INFO    : last Areaavg: 0.000000
2026-03-27 17:45:22.281] object_detector.py   361    INFO    : last Areaavg: 0.000000
2026-03-27 17:45:22.805] object_detector.py   361    INFO    : last Areaavg: 0.000000
2026-03-27 17:45:23.325] object_detector.py   361    INFO    : last Areaavg: 0.000000
2026-03-27 17:45:23.832] object_detector.py   361    INFO    : last Areaavg: 0.000000
2026-03-27 17:45:24.360] object_detector.py   361    INFO    : last Areaavg: 0.000000
2026-03-27 17:45:24.886] object_detector.py   361    INFO    : last Areaavg: 0.000000
2026-03-27 17:45:25.387] object_detector.py   361    INFO    : last Areaavg: 0.000000
2026-03-27 17:45:25.921] object_detector.py   361    INFO    : last Areaavg: 0.000000
2026-03-27 17:45:26.454] object_detector.py   361    INFO    : last Areaavg: 0.000000
2026-03-27 17:45:26.972] object_detector.py   361    INFO    : last Areaavg: 0.000000
2026-03-27 17:45:27.505] object_detector.py   361    INFO    : last Areaavg: 0.000000
2026-03-27 17:45:28.018] object_detector.py   361    INFO    : last Areaavg: 0.000000
2026-03-27 17:45:28.544] object_detector.py   361    INFO    : last Areaavg: 0.000000
2026-03-27 17:45:29.056] object_detector.py   361    INFO    : last Areaavg: 0.000000
2026-03-27 17:45:29.559] object_detector.py   361    INFO    : last Areaavg: 0.000000
2026-03-27 17:45:30.097] object_detector.py   361    INFO    : last Areaavg: 0.000000
2026-03-27 17:45:30.607] object_detector.py   361    INFO    : last Areaavg: 0.000000
2026-03-27 17:45:31.135] object_detector.py   361    INFO    : last Areaavg: 0.000000
2026-03-27 17:45:31.632] object_detector.py   361    INFO    : last Areaavg: 0.000000
2026-03-27 17:45:32.159] object_detector.py   361    INFO    : last Areaavg: 0.000000
2026-03-27 17:45:32.693] object_detector.py   361    INFO    : last Areaavg: 0.000000
2026-03-27 17:45:33.207] object_detector.py   361    INFO    : last Areaavg: 0.000000
2026-03-27 17:45:33.730] object_detector.py   361    INFO    : last Areaavg: 0.000000
2026-03-27 17:45:34.268] object_detector.py   361    INFO    : last Areaavg: 0.000000
2026-03-27 17:45:34.774] object_detector.py   361    INFO    : last Areaavg: 0.000000
2026-03-27 17:45:35.284] object_detector.py   361    INFO    : last Areaavg: 0.000000
2026-03-27 17:45:35.797] object_detector.py   361    INFO    : last Areaavg: 0.000000
2026-03-27 17:45:36.306] object_detector.py   361    INFO    : last Areaavg: 0.000000
2026-03-27 17:45:36.804] object_detector.py   361    INFO    : last Areaavg: 0.000000
2026-03-27 17:45:37.365] object_detector.py   361    INFO    : last Areaavg: 0.000000
2026-03-27 17:45:37.406] object_detector.py   185    INFO    : x_min: 119.000000, x_max: 427.000000, w_img: 1700.000000
2026-03-27 17:45:37.406] object_detector.py   210    INFO    : self.tracked_objects为空
2026-03-27 17:45:37.407] object_detector.py   316    INFO    : 增加新面积: 122.575000
2026-03-27 17:45:37.407] object_detector.py   331    INFO    : length: 1, queue[0][0] x: 270.000000, y: 403.000000
2026-03-27 17:45:37.407] object_detector.py   409    INFO    : id: 0, 质心x: 270.000000, 质心y: 403.000000, t: -0.293823
2026-03-27 17:45:37.407] object_detector.py   415    INFO    : 0th area 0: 122.575000
2026-03-27 17:45:37.407] tracker.py           104    INFO    : motion dict don't have 0id
2026-03-27 17:45:37.409] tracker.py           135    INFO    : 对象 0: 越过1/2基线前面5cm的位置, 状态更新为1
2026-03-27 17:45:37.409] tracker.py           137    INFO    : 面积: 122.575000cm2, id: 0, 长度: 15.359550
2026-03-27 17:45:37.454] object_detector.py   185    INFO    : x_min: 1120.000000, x_max: 1669.000000, w_img: 1700.000000
2026-03-27 17:45:37.454] object_detector.py   185    INFO    : x_min: 118.000000, x_max: 480.000000, w_img: 1700.000000
2026-03-27 17:45:37.454] object_detector.py   214    INFO    : self.next_id: 1, tid: 0
2026-03-27 17:45:37.454] object_detector.py   217    INFO    : tid: 0, now centroid x: 301.000000, y: 404.000000, history centroid x: 270.000000, y: 403.000000
2026-03-27 17:45:37.454] object_detector.py   229    INFO    : tid: 0, predictX - nowX: -24.198037
2026-03-27 17:45:37.454] object_detector.py   236    INFO    : self.nowAreaAvg[0]: -1.000000
2026-03-27 17:45:37.454] object_detector.py   239    INFO    : tid: 0, flag: 1
2026-03-27 17:45:37.454] object_detector.py   255    INFO    : tid: 0, 增加新面积: 149.430000
2026-03-27 17:45:37.454] object_detector.py   269    INFO    : tid: 0, length: 2, queue[0][0] x: 270.000000, y: 403.000000
2026-03-27 17:45:37.454] object_detector.py   269    INFO    : tid: 0, length: 2, queue[0][1] x: 301.000000, y: 404.000000
2026-03-27 17:45:37.454] object_detector.py   274    INFO    : tid: 0, self.id_now[0][0] = 0, self.id_now[0][1] = 5
2026-03-27 17:45:37.454] object_detector.py   409    INFO    : id: 0, 质心x: 301.000000, 质心y: 404.000000, t: -0.445869
2026-03-27 17:45:37.454] object_detector.py   415    INFO    : 0th area 0: 122.575000
2026-03-27 17:45:37.455] object_detector.py   415    INFO    : 0th area 1: 149.430000
2026-03-27 17:45:37.495] object_detector.py   185    INFO    : x_min: 1007.000000, x_max: 1670.000000, w_img: 1700.000000
2026-03-27 17:45:37.496] object_detector.py   185    INFO    : x_min: 119.000000, x_max: 530.000000, w_img: 1700.000000
2026-03-27 17:45:37.496] object_detector.py   214    INFO    : self.next_id: 1, tid: 0
2026-03-27 17:45:37.496] object_detector.py   217    INFO    : tid: 0, now centroid x: 327.000000, y: 405.000000, history centroid x: 301.000000, y: 404.000000
2026-03-27 17:45:37.496] object_detector.py   229    INFO    : tid: 0, predictX - nowX: -44.235465
2026-03-27 17:45:37.496] object_detector.py   229    INFO    : tid: 0, predictX - nowX: -20.052565
2026-03-27 17:45:37.496] object_detector.py   236    INFO    : self.nowAreaAvg[0]: -1.000000
2026-03-27 17:45:37.496] object_detector.py   239    INFO    : tid: 0, flag: 1
2026-03-27 17:45:37.496] object_detector.py   255    INFO    : tid: 0, 增加新面积: 174.097500
2026-03-27 17:45:37.496] object_detector.py   269    INFO    : tid: 0, length: 3, queue[0][0] x: 270.000000, y: 403.000000
2026-03-27 17:45:37.496] object_detector.py   269    INFO    : tid: 0, length: 3, queue[0][1] x: 301.000000, y: 404.000000
2026-03-27 17:45:37.496] object_detector.py   269    INFO    : tid: 0, length: 3, queue[0][2] x: 327.000000, y: 405.000000
2026-03-27 17:45:37.496] object_detector.py   274    INFO    : tid: 0, self.id_now[0][0] = 0, self.id_now[0][1] = 5
2026-03-27 17:45:37.496] object_detector.py   409    INFO    : id: 0, 质心x: 327.000000, 质心y: 405.000000, t: 0.000000
2026-03-27 17:45:37.496] object_detector.py   415    INFO    : 0th area 0: 122.575000
2026-03-27 17:45:37.496] object_detector.py   415    INFO    : 0th area 1: 149.430000
2026-03-27 17:45:37.496] object_detector.py   415    INFO    : 0th area 2: 174.097500
2026-03-27 17:45:37.540] object_detector.py   185    INFO    : x_min: 1053.000000, x_max: 1669.000000, w_img: 1700.000000
2026-03-27 17:45:37.540] object_detector.py   185    INFO    : x_min: 118.000000, x_max: 590.000000, w_img: 1700.000000
2026-03-27 17:45:37.540] object_detector.py   214    INFO    : self.next_id: 1, tid: 0
2026-03-27 17:45:37.540] object_detector.py   217    INFO    : tid: 0, now centroid x: 358.000000, y: 405.000000, history centroid x: 327.000000, y: 405.000000
2026-03-27 17:45:37.540] object_detector.py   229    INFO    : tid: 0, predictX - nowX: -68.852276
2026-03-27 17:45:37.540] object_detector.py   229    INFO    : tid: 0, predictX - nowX: -44.669854
2026-03-27 17:45:37.541] object_detector.py   229    INFO    : tid: 0, predictX - nowX: -24.636416
2026-03-27 17:45:37.541] object_detector.py   236    INFO    : self.nowAreaAvg[0]: -1.000000
2026-03-27 17:45:37.541] object_detector.py   239    INFO    : tid: 0, flag: 1
2026-03-27 17:45:37.541] object_detector.py   255    INFO    : tid: 0, 增加新面积: 201.362500
2026-03-27 17:45:37.541] object_detector.py   269    INFO    : tid: 0, length: 4, queue[0][0] x: 270.000000, y: 403.000000
2026-03-27 17:45:37.541] object_detector.py   269    INFO    : tid: 0, length: 4, queue[0][1] x: 301.000000, y: 404.000000
2026-03-27 17:45:37.541] object_detector.py   269    INFO    : tid: 0, length: 4, queue[0][2] x: 327.000000, y: 405.000000
2026-03-27 17:45:37.541] object_detector.py   269    INFO    : tid: 0, length: 4, queue[0][3] x: 358.000000, y: 405.000000
2026-03-27 17:45:37.541] object_detector.py   274    INFO    : tid: 0, self.id_now[0][0] = 0, self.id_now[0][1] = 5
2026-03-27 17:45:37.541] object_detector.py   409    INFO    : id: 0, 质心x: 358.000000, 质心y: 405.000000, t: 0.413681
2026-03-27 17:45:37.541] object_detector.py   415    INFO    : 0th area 0: 122.575000
2026-03-27 17:45:37.541] object_detector.py   415    INFO    : 0th area 1: 149.430000
2026-03-27 17:45:37.541] object_detector.py   415    INFO    : 0th area 2: 174.097500
2026-03-27 17:45:37.541] object_detector.py   415    INFO    : 0th area 3: 201.362500
2026-03-27 17:45:37.584] object_detector.py   185    INFO    : x_min: 572.000000, x_max: 1672.000000, w_img: 1700.000000
2026-03-27 17:45:37.584] object_detector.py   185    INFO    : x_min: 118.000000, x_max: 668.000000, w_img: 1700.000000
2026-03-27 17:45:37.584] object_detector.py   214    INFO    : self.next_id: 1, tid: 0
2026-03-27 17:45:37.584] object_detector.py   217    INFO    : tid: 0, now centroid x: 1267.000000, y: 454.000000, history centroid x: 358.000000, y: 405.000000
2026-03-27 17:45:37.584] object_detector.py   229    INFO    : tid: 0, predictX - nowX: -971.624761
2026-03-27 17:45:37.584] object_detector.py   229    INFO    : tid: 0, predictX - nowX: -947.443668
2026-03-27 17:45:37.584] object_detector.py   229    INFO    : tid: 0, predictX - nowX: -927.411662
2026-03-27 17:45:37.584] object_detector.py   229    INFO    : tid: 0, predictX - nowX: -902.798566
2026-03-27 17:45:37.584] object_detector.py   239    INFO    : tid: 0, flag: 0
2026-03-27 17:45:37.584] object_detector.py   316    INFO    : 增加新面积: 284.002500
2026-03-27 17:45:37.584] object_detector.py   331    INFO    : length: 1, queue[1][0] x: 396.000000, y: 406.000000
2026-03-27 17:45:37.584] object_detector.py   214    INFO    : self.next_id: 2, tid: 0
2026-03-27 17:45:37.584] object_detector.py   217    INFO    : tid: 0, now centroid x: 396.000000, y: 406.000000, history centroid x: 358.000000, y: 405.000000
2026-03-27 17:45:37.584] object_detector.py   229    INFO    : tid: 0, predictX - nowX: -100.584223
2026-03-27 17:45:37.584] object_detector.py   229    INFO    : tid: 0, predictX - nowX: -76.404154
2026-03-27 17:45:37.584] object_detector.py   229    INFO    : tid: 0, predictX - nowX: -56.372829
2026-03-27 17:45:37.584] object_detector.py   229    INFO    : tid: 0, predictX - nowX: -31.760245
2026-03-27 17:45:37.584] object_detector.py   236    INFO    : self.nowAreaAvg[0]: -1.000000
2026-03-27 17:45:37.584] object_detector.py   239    INFO    : tid: 0, flag: 1
2026-03-27 17:45:37.584] object_detector.py   255    INFO    : tid: 0, 增加新面积: 237.417500
2026-03-27 17:45:37.584] object_detector.py   269    INFO    : tid: 0, length: 5, queue[0][0] x: 270.000000, y: 403.000000
2026-03-27 17:45:37.584] object_detector.py   269    INFO    : tid: 0, length: 5, queue[0][1] x: 301.000000, y: 404.000000
2026-03-27 17:45:37.584] object_detector.py   269    INFO    : tid: 0, length: 5, queue[0][2] x: 327.000000, y: 405.000000
2026-03-27 17:45:37.584] object_detector.py   269    INFO    : tid: 0, length: 5, queue[0][3] x: 358.000000, y: 405.000000
2026-03-27 17:45:37.585] object_detector.py   269    INFO    : tid: 0, length: 5, queue[0][4] x: 396.000000, y: 406.000000
2026-03-27 17:45:37.585] object_detector.py   274    INFO    : tid: 0, self.id_now[0][0] = 0, self.id_now[0][1] = 4
2026-03-27 17:45:37.585] object_detector.py   274    INFO    : tid: 0, self.id_now[1][0] = 1, self.id_now[1][1] = 5
2026-03-27 17:45:37.585] object_detector.py   409    INFO    : id: 1, 质心x: 1267.000000, 质心y: 454.000000, t: 8.829193
2026-03-27 17:45:37.585] object_detector.py   415    INFO    : 1th area 0: 284.002500
2026-03-27 17:45:37.590] tracker.py           104    INFO    : motion dict don't have 1id
2026-03-27 17:45:37.592] object_detector.py   409    INFO    : id: 0, 质心x: 396.000000, 质心y: 406.000000, t: 0.000000
2026-03-27 17:45:37.592] object_detector.py   415    INFO    : 0th area 0: 122.575000
2026-03-27 17:45:37.592] object_detector.py   415    INFO    : 0th area 1: 149.430000
2026-03-27 17:45:37.593] object_detector.py   415    INFO    : 0th area 2: 174.097500
2026-03-27 17:45:37.593] object_detector.py   415    INFO    : 0th area 3: 201.362500
2026-03-27 17:45:37.593] object_detector.py   415    INFO    : 0th area 4: 237.417500
2026-03-27 17:45:37.635] object_detector.py   185    INFO    : x_min: 118.000000, x_max: 867.000000, w_img: 1700.000000
2026-03-27 17:45:37.636] object_detector.py   185    INFO    : x_min: 901.000000, x_max: 1671.000000, w_img: 1700.000000
2026-03-27 17:45:37.636] object_detector.py   214    INFO    : self.next_id: 2, tid: 1
2026-03-27 17:45:37.636] object_detector.py   217    INFO    : tid: 1, now centroid x: 498.000000, y: 406.000000, history centroid x: 1267.000000, y: 454.000000
2026-03-27 17:45:37.636] object_detector.py   229    INFO    : tid: 1, predictX - nowX: -94.609816
2026-03-27 17:45:37.636] object_detector.py   236    INFO    : self.nowAreaAvg[1]: -1.000000
2026-03-27 17:45:37.636] object_detector.py   239    INFO    : tid: 1, flag: 1
2026-03-27 17:45:37.636] object_detector.py   255    INFO    : tid: 1, 增加新面积: 330.067500
2026-03-27 17:45:37.636] object_detector.py   269    INFO    : tid: 1, length: 2, queue[1][0] x: 396.000000, y: 406.000000
2026-03-27 17:45:37.636] object_detector.py   269    INFO    : tid: 1, length: 2, queue[1][1] x: 498.000000, y: 406.000000
2026-03-27 17:45:37.636] object_detector.py   274    INFO    : tid: 1, self.id_now[0][0] = 0, self.id_now[0][1] = 5
2026-03-27 17:45:37.636] object_detector.py   274    INFO    : tid: 1, self.id_now[1][0] = 1, self.id_now[1][1] = 4
2026-03-27 17:45:37.636] object_detector.py   214    INFO    : self.next_id: 2, tid: 0
2026-03-27 17:45:37.636] object_detector.py   217    INFO    : tid: 0, now centroid x: 498.000000, y: 406.000000, history centroid x: 396.000000, y: 406.000000
2026-03-27 17:45:37.636] object_detector.py   229    INFO    : tid: 0, predictX - nowX: -195.180674
2026-03-27 17:45:37.636] object_detector.py   229    INFO    : tid: 0, predictX - nowX: -171.001082
2026-03-27 17:45:37.636] object_detector.py   229    INFO    : tid: 0, predictX - nowX: -150.969927
2026-03-27 17:45:37.636] object_detector.py   229    INFO    : tid: 0, predictX - nowX: -126.357514
2026-03-27 17:45:37.636] object_detector.py   229    INFO    : tid: 0, predictX - nowX: -94.609236
2026-03-27 17:45:37.636] object_detector.py   236    INFO    : self.nowAreaAvg[0]: 174.097500
2026-03-27 17:45:37.636] object_detector.py   239    INFO    : tid: 0, flag: 1
2026-03-27 17:45:37.636] object_detector.py   255    INFO    : tid: 0, 增加新面积: 330.067500
2026-03-27 17:45:37.636] object_detector.py   269    INFO    : tid: 0, length: 5, queue[0][0] x: 301.000000, y: 404.000000
2026-03-27 17:45:37.636] object_detector.py   269    INFO    : tid: 0, length: 5, queue[0][1] x: 327.000000, y: 405.000000
2026-03-27 17:45:37.636] object_detector.py   269    INFO    : tid: 0, length: 5, queue[0][2] x: 358.000000, y: 405.000000
2026-03-27 17:45:37.636] object_detector.py   269    INFO    : tid: 0, length: 5, queue[0][3] x: 396.000000, y: 406.000000
2026-03-27 17:45:37.636] object_detector.py   269    INFO    : tid: 0, length: 5, queue[0][4] x: 498.000000, y: 406.000000
2026-03-27 17:45:37.636] object_detector.py   274    INFO    : tid: 0, self.id_now[0][0] = 0, self.id_now[0][1] = 4
2026-03-27 17:45:37.636] object_detector.py   274    INFO    : tid: 0, self.id_now[1][0] = 1, self.id_now[1][1] = 5
2026-03-27 17:45:37.636] object_detector.py   214    INFO    : self.next_id: 2, tid: 1
2026-03-27 17:45:37.636] object_detector.py   217    INFO    : tid: 1, now centroid x: 1320.000000, y: 401.000000, history centroid x: 1267.000000, y: 454.000000
2026-03-27 17:45:37.636] object_detector.py   229    INFO    : tid: 1, predictX - nowX: -916.515580
2026-03-27 17:45:37.637] object_detector.py   229    INFO    : tid: 1, predictX - nowX: -821.921209
2026-03-27 17:45:37.637] object_detector.py   239    INFO    : tid: 1, flag: 0
2026-03-27 17:45:37.637] object_detector.py   214    INFO    : self.next_id: 2, tid: 0
2026-03-27 17:45:37.637] object_detector.py   217    INFO    : tid: 0, now centroid x: 1320.000000, y: 401.000000, history centroid x: 396.000000, y: 406.000000
2026-03-27 17:45:37.637] object_detector.py   229    INFO    : tid: 0, predictX - nowX: -992.931598
2026-03-27 17:45:37.637] object_detector.py   229    INFO    : tid: 0, predictX - nowX: -972.900308
2026-03-27 17:45:37.637] object_detector.py   229    INFO    : tid: 0, predictX - nowX: -948.286973
2026-03-27 17:45:37.637] object_detector.py   229    INFO    : tid: 0, predictX - nowX: -916.538662
2026-03-27 17:45:37.637] object_detector.py   229    INFO    : tid: 0, predictX - nowX: -821.939006
2026-03-27 17:45:37.637] object_detector.py   239    INFO    : tid: 0, flag: 0
2026-03-27 17:45:37.637] object_detector.py   316    INFO    : 增加新面积: 297.685000
2026-03-27 17:45:37.637] object_detector.py   331    INFO    : length: 1, queue[2][0] x: 1320.000000, y: 401.000000
2026-03-27 17:45:37.637] object_detector.py   409    INFO    : id: 1, 质心x: 498.000000, 质心y: 406.000000, t: -0.109764
2026-03-27 17:45:37.637] object_detector.py   415    INFO    : 1th area 0: 284.002500
2026-03-27 17:45:37.637] object_detector.py   415    INFO    : 1th area 1: 330.067500
2026-03-27 17:45:37.639] tracker.py           135    INFO    : 对象 1: 越过1/2基线前面5cm的位置, 状态更新为1
2026-03-27 17:45:37.639] tracker.py           137    INFO    : 面积: 330.067500cm2, id: 1, 长度: 37.447550
2026-03-27 17:45:37.639] object_detector.py   409    INFO    : id: 0, 质心x: 498.000000, 质心y: 406.000000, t: -0.109764
2026-03-27 17:45:37.639] object_detector.py   415    INFO    : 0th area 0: 122.575000
2026-03-27 17:45:37.639] object_detector.py   415    INFO    : 0th area 1: 149.430000
2026-03-27 17:45:37.639] object_detector.py   415    INFO    : 0th area 2: 174.097500
2026-03-27 17:45:37.639] object_detector.py   415    INFO    : 0th area 3: 201.362500
2026-03-27 17:45:37.639] object_detector.py   415    INFO    : 0th area 4: 237.417500
2026-03-27 17:45:37.641] object_detector.py   409    INFO    : id: 2, 质心x: 1320.000000, 质心y: 401.000000, t: 0.122689
2026-03-27 17:45:37.641] object_detector.py   415    INFO    : 2th area 0: 297.685000
2026-03-27 17:45:37.646] tracker.py           104    INFO    : motion dict don't have 2id
2026-03-27 17:45:37.691] object_detector.py   409    INFO    : id: 1, 质心x: 498.000000, 质心y: 406.000000, t: -0.109764
2026-03-27 17:45:37.691] object_detector.py   415    INFO    : 1th area 0: 284.002500
2026-03-27 17:45:37.691] object_detector.py   415    INFO    : 1th area 1: 330.067500
2026-03-27 17:45:37.693] object_detector.py   409    INFO    : id: 0, 质心x: 498.000000, 质心y: 406.000000, t: -0.109764
2026-03-27 17:45:37.693] object_detector.py   415    INFO    : 0th area 0: 122.575000
2026-03-27 17:45:37.693] object_detector.py   415    INFO    : 0th area 1: 149.430000
2026-03-27 17:45:37.693] object_detector.py   415    INFO    : 0th area 2: 174.097500
2026-03-27 17:45:37.693] object_detector.py   415    INFO    : 0th area 3: 201.362500
2026-03-27 17:45:37.693] object_detector.py   415    INFO    : 0th area 4: 237.417500
2026-03-27 17:45:37.695] object_detector.py   409    INFO    : id: 2, 质心x: 1320.000000, 质心y: 401.000000, t: 0.122689
2026-03-27 17:45:37.695] object_detector.py   415    INFO    : 2th area 0: 297.685000
2026-03-27 17:45:37.744] object_detector.py   409    INFO    : id: 1, 质心x: 498.000000, 质心y: 406.000000, t: -0.109764
2026-03-27 17:45:37.744] object_detector.py   415    INFO    : 1th area 0: 284.002500
2026-03-27 17:45:37.744] object_detector.py   415    INFO    : 1th area 1: 330.067500
2026-03-27 17:45:37.746] object_detector.py   409    INFO    : id: 0, 质心x: 498.000000, 质心y: 406.000000, t: -0.109764
2026-03-27 17:45:37.746] object_detector.py   415    INFO    : 0th area 0: 122.575000
2026-03-27 17:45:37.746] object_detector.py   415    INFO    : 0th area 1: 149.430000
2026-03-27 17:45:37.746] object_detector.py   415    INFO    : 0th area 2: 174.097500
2026-03-27 17:45:37.746] object_detector.py   415    INFO    : 0th area 3: 201.362500
2026-03-27 17:45:37.746] object_detector.py   415    INFO    : 0th area 4: 237.417500
2026-03-27 17:45:37.748] object_detector.py   409    INFO    : id: 2, 质心x: 1320.000000, 质心y: 401.000000, t: 0.122689
2026-03-27 17:45:37.748] object_detector.py   415    INFO    : 2th area 0: 297.685000
2026-03-27 17:45:37.798] object_detector.py   185    INFO    : x_min: 119.000000, x_max: 1671.000000, w_img: 1700.000000
2026-03-27 17:45:37.799] object_detector.py   214    INFO    : self.next_id: 3, tid: 1
2026-03-27 17:45:37.799] object_detector.py   217    INFO    : tid: 1, now centroid x: 895.000000, y: 406.000000, history centroid x: 498.000000, y: 406.000000
2026-03-27 17:45:37.799] object_detector.py   229    INFO    : tid: 1, predictX - nowX: -468.319381
2026-03-27 17:45:37.799] object_detector.py   229    INFO    : tid: 1, predictX - nowX: -373.723613
2026-03-27 17:45:37.799] object_detector.py   236    INFO    : self.nowAreaAvg[1]: -1.000000
2026-03-27 17:45:37.799] object_detector.py   239    INFO    : tid: 1, flag: 1
2026-03-27 17:45:37.799] object_detector.py   255    INFO    : tid: 1, 增加新面积: 675.452500
2026-03-27 17:45:37.799] object_detector.py   269    INFO    : tid: 1, length: 3, queue[1][0] x: 396.000000, y: 406.000000
2026-03-27 17:45:37.799] object_detector.py   269    INFO    : tid: 1, length: 3, queue[1][1] x: 498.000000, y: 406.000000
2026-03-27 17:45:37.799] object_detector.py   269    INFO    : tid: 1, length: 3, queue[1][2] x: 895.000000, y: 406.000000
2026-03-27 17:45:37.799] object_detector.py   274    INFO    : tid: 1, self.id_now[0][0] = 0, self.id_now[0][1] = 4
2026-03-27 17:45:37.799] object_detector.py   274    INFO    : tid: 1, self.id_now[1][0] = 1, self.id_now[1][1] = 3
2026-03-27 17:45:37.799] object_detector.py   274    INFO    : tid: 1, self.id_now[2][0] = 2, self.id_now[2][1] = 5
2026-03-27 17:45:37.799] object_detector.py   214    INFO    : self.next_id: 3, tid: 0
2026-03-27 17:45:37.799] object_detector.py   217    INFO    : tid: 0, now centroid x: 895.000000, y: 406.000000, history centroid x: 498.000000, y: 406.000000
2026-03-27 17:45:37.799] object_detector.py   229    INFO    : tid: 0, predictX - nowX: -544.704818
2026-03-27 17:45:37.799] object_detector.py   229    INFO    : tid: 0, predictX - nowX: -524.673254
2026-03-27 17:45:37.799] object_detector.py   229    INFO    : tid: 0, predictX - nowX: -500.060602
2026-03-27 17:45:37.799] object_detector.py   229    INFO    : tid: 0, predictX - nowX: -468.312154
2026-03-27 17:45:37.799] object_detector.py   229    INFO    : tid: 0, predictX - nowX: -373.712396
2026-03-27 17:45:37.799] object_detector.py   236    INFO    : self.nowAreaAvg[0]: 252.082500
2026-03-27 17:45:37.799] object_detector.py   239    INFO    : tid: 0, flag: 1
2026-03-27 17:45:37.799] object_detector.py   255    INFO    : tid: 0, 增加新面积: 675.452500
2026-03-27 17:45:37.799] object_detector.py   269    INFO    : tid: 0, length: 5, queue[0][0] x: 327.000000, y: 405.000000
2026-03-27 17:45:37.799] object_detector.py   269    INFO    : tid: 0, length: 5, queue[0][1] x: 358.000000, y: 405.000000
2026-03-27 17:45:37.799] object_detector.py   269    INFO    : tid: 0, length: 5, queue[0][2] x: 396.000000, y: 406.000000
2026-03-27 17:45:37.799] object_detector.py   269    INFO    : tid: 0, length: 5, queue[0][3] x: 498.000000, y: 406.000000
2026-03-27 17:45:37.799] object_detector.py   269    INFO    : tid: 0, length: 5, queue[0][4] x: 895.000000, y: 406.000000
2026-03-27 17:45:37.799] object_detector.py   274    INFO    : tid: 0, self.id_now[0][0] = 0, self.id_now[0][1] = 3
2026-03-27 17:45:37.799] object_detector.py   274    INFO    : tid: 0, self.id_now[1][0] = 1, self.id_now[1][1] = 5
2026-03-27 17:45:37.799] object_detector.py   274    INFO    : tid: 0, self.id_now[2][0] = 2, self.id_now[2][1] = 4
2026-03-27 17:45:37.799] object_detector.py   214    INFO    : self.next_id: 3, tid: 2
2026-03-27 17:45:37.799] object_detector.py   217    INFO    : tid: 2, now centroid x: 895.000000, y: 406.000000, history centroid x: 1320.000000, y: 401.000000
2026-03-27 17:45:37.799] object_detector.py   229    INFO    : tid: 2, predictX - nowX: 448.256783
2026-03-27 17:45:37.799] object_detector.py   239    INFO    : tid: 2, flag: 0
2026-03-27 17:45:37.799] object_detector.py   409    INFO    : id: 1, 质心x: 895.000000, 质心y: 406.000000, t: 0.000000
2026-03-27 17:45:37.800] object_detector.py   415    INFO    : 1th area 0: 284.002500
2026-03-27 17:45:37.800] object_detector.py   415    INFO    : 1th area 1: 330.067500
2026-03-27 17:45:37.800] object_detector.py   415    INFO    : 1th area 2: 675.452500
2026-03-27 17:45:37.810] tracker.py           140    INFO    : 对象 1: 越过1/2基线，状态更新为2
2026-03-27 17:45:37.810] tracker.py           142    INFO    : ================2面积: 675.452500cm2, id: 1, 长度: 77.600000
2026-03-27 17:45:37.810] object_detector.py   409    INFO    : id: 0, 质心x: 895.000000, 质心y: 406.000000, t: 0.000000
2026-03-27 17:45:37.810] object_detector.py   415    INFO    : 0th area 0: 122.575000
2026-03-27 17:45:37.810] object_detector.py   415    INFO    : 0th area 1: 149.430000
2026-03-27 17:45:37.810] object_detector.py   415    INFO    : 0th area 2: 174.097500
2026-03-27 17:45:37.810] object_detector.py   415    INFO    : 0th area 3: 201.362500
2026-03-27 17:45:37.810] object_detector.py   415    INFO    : 0th area 4: 237.417500
2026-03-27 17:45:37.820] tracker.py           140    INFO    : 对象 0: 越过1/2基线，状态更新为2
2026-03-27 17:45:37.820] tracker.py           142    INFO    : ================2面积: 675.452500cm2, id: 0, 长度: 77.600000
