2026-03-27 18:08:09.579] object_detector.py   361    INFO    : last Areaavg: 0.000000
2026-03-27 18:08:10.101] object_detector.py   361    INFO    : last Areaavg: 0.000000
2026-03-27 18:08:10.606] object_detector.py   361    INFO    : last Areaavg: 0.000000
2026-03-27 18:08:11.147] object_detector.py   361    INFO    : last Areaavg: 0.000000
2026-03-27 18:08:11.670] object_detector.py   361    INFO    : last Areaavg: 0.000000
2026-03-27 18:08:12.210] object_detector.py   361    INFO    : last Areaavg: 0.000000
2026-03-27 18:08:12.737] object_detector.py   361    INFO    : last Areaavg: 0.000000
2026-03-27 18:08:13.238] object_detector.py   361    INFO    : last Areaavg: 0.000000
2026-03-27 18:08:13.739] object_detector.py   361    INFO    : last Areaavg: 0.000000
2026-03-27 18:08:14.240] object_detector.py   361    INFO    : last Areaavg: 0.000000
2026-03-27 18:08:14.776] object_detector.py   361    INFO    : last Areaavg: 0.000000
2026-03-27 18:08:15.290] object_detector.py   361    INFO    : last Areaavg: 0.000000
2026-03-27 18:08:15.809] object_detector.py   361    INFO    : last Areaavg: 0.000000
2026-03-27 18:08:16.327] object_detector.py   361    INFO    : last Areaavg: 0.000000
2026-03-27 18:08:16.840] object_detector.py   361    INFO    : last Areaavg: 0.000000
2026-03-27 18:08:17.340] object_detector.py   361    INFO    : last Areaavg: 0.000000
2026-03-27 18:08:17.845] object_detector.py   361    INFO    : last Areaavg: 0.000000
2026-03-27 18:08:18.348] object_detector.py   361    INFO    : last Areaavg: 0.000000
2026-03-27 18:08:18.909] object_detector.py   361    INFO    : last Areaavg: 0.000000
2026-03-27 18:08:19.036] object_detector.py   185    INFO    : x_min: 263.000000, x_max: 658.000000, w_img: 1700.000000
2026-03-27 18:08:19.036] object_detector.py   210    INFO    : self.tracked_objects为空
2026-03-27 18:08:19.036] object_detector.py   316    INFO    : 增加新面积: 104.932500
2026-03-27 18:08:19.036] object_detector.py   331    INFO    : length: 1, queue[0][0] x: 452.000000, y: 398.000000
2026-03-27 18:08:19.037] object_detector.py   409    INFO    : id: 0, 质心x: 452.000000, 质心y: 398.000000, t: -3.447388
2026-03-27 18:08:19.037] object_detector.py   415    INFO    : 0th area 0: 104.932500
2026-03-27 18:08:19.037] tracker.py           104    INFO    : motion dict don't have 0id
2026-03-27 18:08:19.038] tracker.py           135    INFO    : 对象 0: 越过1/2基线前面5cm的位置, 状态更新为1
2026-03-27 18:08:19.038] tracker.py           137    INFO    : 面积: 104.932500cm2, id: 0, 长度: 19.774400
2026-03-27 18:08:19.080] object_detector.py   185    INFO    : x_min: 168.000000, x_max: 843.000000, w_img: 1700.000000
2026-03-27 18:08:19.080] object_detector.py   214    INFO    : self.next_id: 1, tid: 0
2026-03-27 18:08:19.080] object_detector.py   217    INFO    : tid: 0, now centroid x: 469.000000, y: 387.000000, history centroid x: 452.000000, y: 398.000000
2026-03-27 18:08:19.080] object_detector.py   229    INFO    : tid: 0, predictX - nowX: -10.750630
2026-03-27 18:08:19.080] object_detector.py   236    INFO    : self.nowAreaAvg[0]: -1.000000
2026-03-27 18:08:19.080] object_detector.py   239    INFO    : tid: 0, flag: 1
2026-03-27 18:08:19.080] object_detector.py   255    INFO    : tid: 0, 增加新面积: 180.885000
2026-03-27 18:08:19.080] object_detector.py   269    INFO    : tid: 0, length: 2, queue[0][0] x: 452.000000, y: 398.000000
2026-03-27 18:08:19.080] object_detector.py   269    INFO    : tid: 0, length: 2, queue[0][1] x: 469.000000, y: 387.000000
2026-03-27 18:08:19.080] object_detector.py   274    INFO    : tid: 0, self.id_now[0][0] = 0, self.id_now[0][1] = 5
2026-03-27 18:08:19.080] object_detector.py   409    INFO    : id: 0, 质心x: 469.000000, 质心y: 387.000000, t: 0.000000
2026-03-27 18:08:19.080] object_detector.py   415    INFO    : 0th area 0: 104.932500
2026-03-27 18:08:19.080] object_detector.py   415    INFO    : 0th area 1: 180.885000
2026-03-27 18:08:19.125] object_detector.py   185    INFO    : x_min: 182.000000, x_max: 852.000000, w_img: 1700.000000
2026-03-27 18:08:19.125] object_detector.py   214    INFO    : self.next_id: 1, tid: 0
2026-03-27 18:08:19.125] object_detector.py   217    INFO    : tid: 0, now centroid x: 487.000000, y: 390.000000, history centroid x: 469.000000, y: 387.000000
2026-03-27 18:08:19.125] object_detector.py   229    INFO    : tid: 0, predictX - nowX: -22.277366
2026-03-27 18:08:19.125] object_detector.py   229    INFO    : tid: 0, predictX - nowX: -11.542862
2026-03-27 18:08:19.125] object_detector.py   236    INFO    : self.nowAreaAvg[0]: -1.000000
2026-03-27 18:08:19.125] object_detector.py   239    INFO    : tid: 0, flag: 1
2026-03-27 18:08:19.125] object_detector.py   255    INFO    : tid: 0, 增加新面积: 185.040000
2026-03-27 18:08:19.126] object_detector.py   269    INFO    : tid: 0, length: 3, queue[0][0] x: 452.000000, y: 398.000000
2026-03-27 18:08:19.126] object_detector.py   269    INFO    : tid: 0, length: 3, queue[0][1] x: 469.000000, y: 387.000000
2026-03-27 18:08:19.126] object_detector.py   269    INFO    : tid: 0, length: 3, queue[0][2] x: 487.000000, y: 390.000000
2026-03-27 18:08:19.126] object_detector.py   274    INFO    : tid: 0, self.id_now[0][0] = 0, self.id_now[0][1] = 5
2026-03-27 18:08:19.126] object_detector.py   409    INFO    : id: 0, 质心x: 487.000000, 质心y: 390.000000, t: 0.000000
2026-03-27 18:08:19.126] object_detector.py   415    INFO    : 0th area 0: 104.932500
2026-03-27 18:08:19.126] object_detector.py   415    INFO    : 0th area 1: 180.885000
2026-03-27 18:08:19.126] object_detector.py   415    INFO    : 0th area 2: 185.040000
2026-03-27 18:08:19.169] object_detector.py   409    INFO    : id: 0, 质心x: 487.000000, 质心y: 390.000000, t: 0.000000
2026-03-27 18:08:19.169] object_detector.py   415    INFO    : 0th area 0: 104.932500
2026-03-27 18:08:19.169] object_detector.py   415    INFO    : 0th area 1: 180.885000
2026-03-27 18:08:19.169] object_detector.py   415    INFO    : 0th area 2: 185.040000
2026-03-27 18:08:19.212] object_detector.py   409    INFO    : id: 0, 质心x: 487.000000, 质心y: 390.000000, t: 0.000000
2026-03-27 18:08:19.212] object_detector.py   415    INFO    : 0th area 0: 104.932500
2026-03-27 18:08:19.212] object_detector.py   415    INFO    : 0th area 1: 180.885000
2026-03-27 18:08:19.212] object_detector.py   415    INFO    : 0th area 2: 185.040000
2026-03-27 18:08:19.256] object_detector.py   409    INFO    : id: 0, 质心x: 487.000000, 质心y: 390.000000, t: 0.000000
2026-03-27 18:08:19.256] object_detector.py   415    INFO    : 0th area 0: 104.932500
2026-03-27 18:08:19.256] object_detector.py   415    INFO    : 0th area 1: 180.885000
2026-03-27 18:08:19.256] object_detector.py   415    INFO    : 0th area 2: 185.040000
2026-03-27 18:08:19.300] object_detector.py   409    INFO    : id: 0, 质心x: 487.000000, 质心y: 390.000000, t: 0.000000
2026-03-27 18:08:19.300] object_detector.py   415    INFO    : 0th area 0: 104.932500
2026-03-27 18:08:19.300] object_detector.py   415    INFO    : 0th area 1: 180.885000
2026-03-27 18:08:19.300] object_detector.py   415    INFO    : 0th area 2: 185.040000
2026-03-27 18:08:19.344] object_detector.py   185    INFO    : x_min: 235.000000, x_max: 726.000000, w_img: 1700.000000
2026-03-27 18:08:19.344] object_detector.py   214    INFO    : self.next_id: 1, tid: 0
2026-03-27 18:08:19.344] object_detector.py   217    INFO    : tid: 0, now centroid x: 475.000000, y: 429.000000, history centroid x: 487.000000, y: 390.000000
2026-03-27 18:08:19.344] object_detector.py   229    INFO    : tid: 0, predictX - nowX: 20.968801
2026-03-27 18:08:19.344] object_detector.py   229    INFO    : tid: 0, predictX - nowX: 31.701362
2026-03-27 18:08:19.344] object_detector.py   229    INFO    : tid: 0, predictX - nowX: 43.221961
2026-03-27 18:08:19.344] object_detector.py   236    INFO    : self.nowAreaAvg[0]: -1.000000
2026-03-27 18:08:19.344] object_detector.py   239    INFO    : tid: 0, flag: 1
2026-03-27 18:08:19.344] object_detector.py   255    INFO    : tid: 0, 增加新面积: 145.212500
2026-03-27 18:08:19.344] object_detector.py   269    INFO    : tid: 0, length: 4, queue[0][0] x: 452.000000, y: 398.000000
2026-03-27 18:08:19.344] object_detector.py   269    INFO    : tid: 0, length: 4, queue[0][1] x: 469.000000, y: 387.000000
2026-03-27 18:08:19.344] object_detector.py   269    INFO    : tid: 0, length: 4, queue[0][2] x: 487.000000, y: 390.000000
2026-03-27 18:08:19.344] object_detector.py   269    INFO    : tid: 0, length: 4, queue[0][3] x: 475.000000, y: 429.000000
2026-03-27 18:08:19.344] object_detector.py   274    INFO    : tid: 0, self.id_now[0][0] = 0, self.id_now[0][1] = 5
2026-03-27 18:08:19.344] object_detector.py   409    INFO    : id: 0, 质心x: 475.000000, 质心y: 429.000000, t: -0.193565
2026-03-27 18:08:19.344] object_detector.py   415    INFO    : 0th area 0: 104.932500
2026-03-27 18:08:19.344] object_detector.py   415    INFO    : 0th area 1: 180.885000
2026-03-27 18:08:19.344] object_detector.py   415    INFO    : 0th area 2: 185.040000
2026-03-27 18:08:19.344] object_detector.py   415    INFO    : 0th area 3: 145.212500
2026-03-27 18:08:19.386] object_detector.py   185    INFO    : x_min: 234.000000, x_max: 725.000000, w_img: 1700.000000
2026-03-27 18:08:19.386] object_detector.py   214    INFO    : self.next_id: 1, tid: 0
2026-03-27 18:08:19.386] object_detector.py   217    INFO    : tid: 0, now centroid x: 477.000000, y: 429.000000, history centroid x: 475.000000, y: 429.000000
2026-03-27 18:08:19.386] object_detector.py   229    INFO    : tid: 0, predictX - nowX: 25.043543
2026-03-27 18:08:19.386] object_detector.py   229    INFO    : tid: 0, predictX - nowX: 35.776580
2026-03-27 18:08:19.386] object_detector.py   229    INFO    : tid: 0, predictX - nowX: 47.297316
2026-03-27 18:08:19.386] object_detector.py   229    INFO    : tid: 0, predictX - nowX: 4.055785
2026-03-27 18:08:19.386] object_detector.py   236    INFO    : self.nowAreaAvg[0]: -1.000000
2026-03-27 18:08:19.386] object_detector.py   239    INFO    : tid: 0, flag: 1
2026-03-27 18:08:19.386] object_detector.py   255    INFO    : tid: 0, 增加新面积: 148.595000
2026-03-27 18:08:19.386] object_detector.py   269    INFO    : tid: 0, length: 5, queue[0][0] x: 452.000000, y: 398.000000
2026-03-27 18:08:19.387] object_detector.py   269    INFO    : tid: 0, length: 5, queue[0][1] x: 469.000000, y: 387.000000
2026-03-27 18:08:19.387] object_detector.py   269    INFO    : tid: 0, length: 5, queue[0][2] x: 487.000000, y: 390.000000
2026-03-27 18:08:19.387] object_detector.py   269    INFO    : tid: 0, length: 5, queue[0][3] x: 475.000000, y: 429.000000
2026-03-27 18:08:19.387] object_detector.py   269    INFO    : tid: 0, length: 5, queue[0][4] x: 477.000000, y: 429.000000
2026-03-27 18:08:19.387] object_detector.py   274    INFO    : tid: 0, self.id_now[0][0] = 0, self.id_now[0][1] = 5
2026-03-27 18:08:19.387] object_detector.py   409    INFO    : id: 0, 质心x: 477.000000, 质心y: 429.000000, t: 0.000000
2026-03-27 18:08:19.387] object_detector.py   415    INFO    : 0th area 0: 104.932500
2026-03-27 18:08:19.387] object_detector.py   415    INFO    : 0th area 1: 145.212500
2026-03-27 18:08:19.387] object_detector.py   415    INFO    : 0th area 2: 148.595000
2026-03-27 18:08:19.387] object_detector.py   415    INFO    : 0th area 3: 180.885000
2026-03-27 18:08:19.387] object_detector.py   415    INFO    : 0th area 4: 185.040000
2026-03-27 18:08:19.429] object_detector.py   185    INFO    : x_min: 234.000000, x_max: 726.000000, w_img: 1700.000000
2026-03-27 18:08:19.429] object_detector.py   214    INFO    : self.next_id: 1, tid: 0
2026-03-27 18:08:19.430] object_detector.py   217    INFO    : tid: 0, now centroid x: 483.000000, y: 428.000000, history centroid x: 477.000000, y: 429.000000
2026-03-27 18:08:19.430] object_detector.py   229    INFO    : tid: 0, predictX - nowX: 25.234032
2026-03-27 18:08:19.430] object_detector.py   229    INFO    : tid: 0, predictX - nowX: 35.967241
2026-03-27 18:08:19.430] object_detector.py   229    INFO    : tid: 0, predictX - nowX: 47.488010
2026-03-27 18:08:19.430] object_detector.py   229    INFO    : tid: 0, predictX - nowX: 4.246650
2026-03-27 18:08:19.430] object_detector.py   229    INFO    : tid: 0, predictX - nowX: 0.176614
2026-03-27 18:08:19.430] object_detector.py   236    INFO    : self.nowAreaAvg[0]: 148.595000
2026-03-27 18:08:19.430] object_detector.py   239    INFO    : tid: 0, flag: 1
2026-03-27 18:08:19.430] object_detector.py   255    INFO    : tid: 0, 增加新面积: 151.102500
2026-03-27 18:08:19.430] object_detector.py   269    INFO    : tid: 0, length: 5, queue[0][0] x: 469.000000, y: 387.000000
2026-03-27 18:08:19.430] object_detector.py   269    INFO    : tid: 0, length: 5, queue[0][1] x: 487.000000, y: 390.000000
2026-03-27 18:08:19.430] object_detector.py   269    INFO    : tid: 0, length: 5, queue[0][2] x: 475.000000, y: 429.000000
2026-03-27 18:08:19.430] object_detector.py   269    INFO    : tid: 0, length: 5, queue[0][3] x: 477.000000, y: 429.000000
2026-03-27 18:08:19.430] object_detector.py   269    INFO    : tid: 0, length: 5, queue[0][4] x: 483.000000, y: 428.000000
2026-03-27 18:08:19.430] object_detector.py   274    INFO    : tid: 0, self.id_now[0][0] = 0, self.id_now[0][1] = 5
2026-03-27 18:08:19.430] object_detector.py   361    INFO    : last Areaavg: 0.000000
2026-03-27 18:08:19.430] object_detector.py   409    INFO    : id: 0, 质心x: 483.000000, 质心y: 428.000000, t: 0.000000
2026-03-27 18:08:19.430] object_detector.py   415    INFO    : 0th area 0: 104.932500
2026-03-27 18:08:19.430] object_detector.py   415    INFO    : 0th area 1: 145.212500
2026-03-27 18:08:19.430] object_detector.py   415    INFO    : 0th area 2: 148.595000
2026-03-27 18:08:19.430] object_detector.py   415    INFO    : 0th area 3: 180.885000
2026-03-27 18:08:19.430] object_detector.py   415    INFO    : 0th area 4: 185.040000
2026-03-27 18:08:19.473] object_detector.py   185    INFO    : x_min: 236.000000, x_max: 725.000000, w_img: 1700.000000
2026-03-27 18:08:19.473] object_detector.py   214    INFO    : self.next_id: 1, tid: 0
2026-03-27 18:08:19.473] object_detector.py   217    INFO    : tid: 0, now centroid x: 494.000000, y: 426.000000, history centroid x: 483.000000, y: 428.000000
2026-03-27 18:08:19.473] object_detector.py   229    INFO    : tid: 0, predictX - nowX: 31.154321
2026-03-27 18:08:19.473] object_detector.py   229    INFO    : tid: 0, predictX - nowX: 42.676147
2026-03-27 18:08:19.473] object_detector.py   229    INFO    : tid: 0, predictX - nowX: -0.564054
2026-03-27 18:08:19.473] object_detector.py   229    INFO    : tid: 0, predictX - nowX: -4.634806
2026-03-27 18:08:19.473] object_detector.py   229    INFO    : tid: 0, predictX - nowX: -4.827307
2026-03-27 18:08:19.473] object_detector.py   236    INFO    : self.nowAreaAvg[0]: 149.848750
2026-03-27 18:08:19.473] object_detector.py   239    INFO    : tid: 0, flag: 1
2026-03-27 18:08:19.473] object_detector.py   255    INFO    : tid: 0, 增加新面积: 158.062500
2026-03-27 18:08:19.473] object_detector.py   269    INFO    : tid: 0, length: 5, queue[0][0] x: 487.000000, y: 390.000000
2026-03-27 18:08:19.473] object_detector.py   269    INFO    : tid: 0, length: 5, queue[0][1] x: 475.000000, y: 429.000000
2026-03-27 18:08:19.473] object_detector.py   269    INFO    : tid: 0, length: 5, queue[0][2] x: 477.000000, y: 429.000000
2026-03-27 18:08:19.473] object_detector.py   269    INFO    : tid: 0, length: 5, queue[0][3] x: 483.000000, y: 428.000000
2026-03-27 18:08:19.473] object_detector.py   269    INFO    : tid: 0, length: 5, queue[0][4] x: 494.000000, y: 426.000000
2026-03-27 18:08:19.473] object_detector.py   274    INFO    : tid: 0, self.id_now[0][0] = 0, self.id_now[0][1] = 5
2026-03-27 18:08:19.474] object_detector.py   409    INFO    : id: 0, 质心x: 494.000000, 质心y: 426.000000, t: 0.148051
2026-03-27 18:08:19.474] object_detector.py   415    INFO    : 0th area 0: 104.932500
2026-03-27 18:08:19.474] object_detector.py   415    INFO    : 0th area 1: 145.212500
2026-03-27 18:08:19.474] object_detector.py   415    INFO    : 0th area 2: 148.595000
2026-03-27 18:08:19.474] object_detector.py   415    INFO    : 0th area 3: 180.885000
2026-03-27 18:08:19.474] object_detector.py   415    INFO    : 0th area 4: 185.040000
2026-03-27 18:08:19.516] object_detector.py   185    INFO    : x_min: 253.000000, x_max: 725.000000, w_img: 1700.000000
2026-03-27 18:08:19.516] object_detector.py   214    INFO    : self.next_id: 1, tid: 0
2026-03-27 18:08:19.516] object_detector.py   217    INFO    : tid: 0, now centroid x: 502.000000, y: 424.000000, history centroid x: 494.000000, y: 426.000000
2026-03-27 18:08:19.517] object_detector.py   229    INFO    : tid: 0, predictX - nowX: 40.916584
2026-03-27 18:08:19.517] object_detector.py   229    INFO    : tid: 0, predictX - nowX: -2.323105
2026-03-27 18:08:19.517] object_detector.py   229    INFO    : tid: 0, predictX - nowX: -6.392425
2026-03-27 18:08:19.517] object_detector.py   229    INFO    : tid: 0, predictX - nowX: -6.583802
2026-03-27 18:08:19.517] object_detector.py   229    INFO    : tid: 0, predictX - nowX: -1.772825
2026-03-27 18:08:19.517] object_detector.py   236    INFO    : self.nowAreaAvg[0]: 152.586667
2026-03-27 18:08:19.517] object_detector.py   239    INFO    : tid: 0, flag: 1
2026-03-27 18:08:19.517] object_detector.py   255    INFO    : tid: 0, 增加新面积: 157.835000
2026-03-27 18:08:19.517] object_detector.py   269    INFO    : tid: 0, length: 5, queue[0][0] x: 475.000000, y: 429.000000
2026-03-27 18:08:19.517] object_detector.py   269    INFO    : tid: 0, length: 5, queue[0][1] x: 477.000000, y: 429.000000
2026-03-27 18:08:19.517] object_detector.py   269    INFO    : tid: 0, length: 5, queue[0][2] x: 483.000000, y: 428.000000
2026-03-27 18:08:19.517] object_detector.py   269    INFO    : tid: 0, length: 5, queue[0][3] x: 494.000000, y: 426.000000
2026-03-27 18:08:19.517] object_detector.py   269    INFO    : tid: 0, length: 5, queue[0][4] x: 502.000000, y: 424.000000
2026-03-27 18:08:19.517] object_detector.py   274    INFO    : tid: 0, self.id_now[0][0] = 0, self.id_now[0][1] = 5
2026-03-27 18:08:19.517] object_detector.py   409    INFO    : id: 0, 质心x: 502.000000, 质心y: 424.000000, t: 0.162772
2026-03-27 18:08:19.517] object_detector.py   415    INFO    : 0th area 0: 104.932500
2026-03-27 18:08:19.517] object_detector.py   415    INFO    : 0th area 1: 145.212500
2026-03-27 18:08:19.517] object_detector.py   415    INFO    : 0th area 2: 148.595000
2026-03-27 18:08:19.517] object_detector.py   415    INFO    : 0th area 3: 180.885000
2026-03-27 18:08:19.517] object_detector.py   415    INFO    : 0th area 4: 185.040000
2026-03-27 18:08:19.560] object_detector.py   185    INFO    : x_min: 111.000000, x_max: 1675.000000, w_img: 1700.000000
2026-03-27 18:08:19.560] object_detector.py   214    INFO    : self.next_id: 1, tid: 0
2026-03-27 18:08:19.560] object_detector.py   217    INFO    : tid: 0, now centroid x: 903.000000, y: 410.000000, history centroid x: 502.000000, y: 424.000000
2026-03-27 18:08:19.560] object_detector.py   229    INFO    : tid: 0, predictX - nowX: -397.086316
2026-03-27 18:08:19.560] object_detector.py   229    INFO    : tid: 0, predictX - nowX: -401.155397
2026-03-27 18:08:19.560] object_detector.py   229    INFO    : tid: 0, predictX - nowX: -401.346808
2026-03-27 18:08:19.560] object_detector.py   229    INFO    : tid: 0, predictX - nowX: -396.536036
2026-03-27 18:08:19.560] object_detector.py   229    INFO    : tid: 0, predictX - nowX: -394.780633
2026-03-27 18:08:19.560] object_detector.py   236    INFO    : self.nowAreaAvg[0]: 153.898750
2026-03-27 18:08:19.560] object_detector.py   239    INFO    : tid: 0, flag: 1
2026-03-27 18:08:19.560] object_detector.py   255    INFO    : tid: 0, 增加新面积: 645.065000
2026-03-27 18:08:19.560] object_detector.py   269    INFO    : tid: 0, length: 5, queue[0][0] x: 477.000000, y: 429.000000
2026-03-27 18:08:19.560] object_detector.py   269    INFO    : tid: 0, length: 5, queue[0][1] x: 483.000000, y: 428.000000
2026-03-27 18:08:19.560] object_detector.py   269    INFO    : tid: 0, length: 5, queue[0][2] x: 494.000000, y: 426.000000
2026-03-27 18:08:19.560] object_detector.py   269    INFO    : tid: 0, length: 5, queue[0][3] x: 502.000000, y: 424.000000
2026-03-27 18:08:19.561] object_detector.py   269    INFO    : tid: 0, length: 5, queue[0][4] x: 903.000000, y: 410.000000
2026-03-27 18:08:19.561] object_detector.py   274    INFO    : tid: 0, self.id_now[0][0] = 0, self.id_now[0][1] = 5
2026-03-27 18:08:19.561] object_detector.py   409    INFO    : id: 0, 质心x: 903.000000, 质心y: 410.000000, t: 0.000000
2026-03-27 18:08:19.561] object_detector.py   415    INFO    : 0th area 0: 104.932500
2026-03-27 18:08:19.561] object_detector.py   415    INFO    : 0th area 1: 145.212500
2026-03-27 18:08:19.561] object_detector.py   415    INFO    : 0th area 2: 148.595000
2026-03-27 18:08:19.561] object_detector.py   415    INFO    : 0th area 3: 180.885000
2026-03-27 18:08:19.561] object_detector.py   415    INFO    : 0th area 4: 185.040000
2026-03-27 18:08:19.571] tracker.py           140    INFO    : 对象 0: 越过1/2基线，状态更新为2
2026-03-27 18:08:19.571] tracker.py           142    INFO    : ================2面积: 645.065000cm2, id: 0, 长度: 78.200000
